    0.0000 1.000000000 10.00000000 1.000000000 1.000000000
    0.0200 1.047996163 10.00000000 1.527958274 0.9733892083
    0.0400 1.186889529 10.00000000 2.095861435 0.9626500010
    0.0600 1.411606073 10.00000000 2.749799252 0.9746797681
    0.0800 1.726219654 10.00000000 3.534162521 1.021278024
    0.1000 2.142322063 10.00000000 4.495403767 1.121451974
    0.1200 2.678243876 10.00000000 5.684380531 1.305286527
    0.1400 3.358683109 10.00000000 7.156940937 1.619902015
    0.1600 4.214241028 10.00000000 8.971560478 2.138149500
    0.1800 5.280111790 10.00000000 11.18150139 2.970400333
    0.2000 6.592681885 10.00000000 13.81699657 4.278405190
    0.2200 8.181995392 10.00000000 16.85082054 6.286323071
    0.2400 10.05722237 10.00000000 20.14066696 9.275661469
    0.2600 12.18240356 10.00000000 23.35077095 13.53758430
    0.2800 14.44336128 10.00000000 25.88456917 19.24662590
    0.3000 16.61704254 10.00000000 26.91263580 26.24422264
    0.3200 18.37055779 10.00000000 25.61012268 33.81933594
    0.3400 19.32340431 10.00000000 21.61231232 40.71276855
    0.3600 19.17669678 10.00000000 15.42070866 45.54595184
    0.3800 17.84972572 10.00000000 8.335996628 47.50960541
    0.4000 15.52915955 10.00000000 1.837221146 46.76877213
    0.4200 12.59007740 10.00000000 -3.108806133 44.23588562
    0.4400 9.446986198 10.00000000 -6.285041809 40.97835922
    0.4600 6.431018829 10.00000000 -7.996623993 37.77038193
    0.4800 3.742108107 10.00000000 -8.719356537 34.98956299
    0.5000 1.462318420 10.00000000 -8.874113083 32.72771454
    0.5200 -0.4062070847 10.00000000 -8.755030632 30.93581581
    0.5400 -1.904731870 10.00000000 -8.541155815 29.52186012
    0.5600 -3.092262745 10.00000000 -8.331149101 28.39764786
    0.5800 -4.030518055 10.00000000 -8.174182892 27.49427986
    0.6000 -4.776348114 10.00000000 -8.090982437 26.76332664
    0.6200 -5.378604889 10.00000000 -8.086537361 26.17308617
    0.6400 -5.877389431 10.00000000 -8.157301903 25.70407486
    0.6600 -6.304445267 10.00000000 -8.295091629 25.34515762
    0.6800 -6.684017181 10.00000000 -8.489089012 25.09057617
    0.7000 -7.033821106 10.00000000 -8.726791382 24.93772697
    0.7200 -7.365961075 10.00000000 -8.994390488 24.88545799
    0.7400 -7.687721729 10.00000000 -9.276900291 24.93268013
    0.7600 -8.002240181 10.00000000 -9.558250427 25.07714081
    0.7800 -8.309082985 10.00000000 -9.821502686 25.31431961
    0.8000 -8.604780197 10.00000000 -10.04932976 25.63643265
    0.8200 -8.883379936 10.00000000 -10.22482395 26.03165054
    0.8400 -9.137082100 10.00000000 -10.33265495 26.48365593
    0.8600 -9.356988907 10.00000000 -10.36048985 26.97171211
    0.8800 -9.533989906 10.00000000 -10.30049610 27.47137451
    0.9000 -9.659731865 10.00000000 -10.15064526 27.95588684
    0.9200 -9.727613449 10.00000000 -9.915511131 28.39818001
    0.9400 -9.733666420 10.00000000 -9.606299400 28.77319717
    0.9600 -9.677206993 10.00000000 -9.239979744 29.06019020
    0.9800 -9.561132431 10.00000000 -8.837614059 29.24454498
    1.0000 -9.391815186 10.00000000 -8.422162056 29.31882477
    1.0200 -9.178606033 10.00000000 -8.016166687 29.28287888
    1.0400 -8.933032990 10.00000000 -7.639744759 29.14308548
    1.0600 -8.667838097 10.00000000 -7.309180260 28.91098595
    1.0800 -8.395998001 10.00000000 -7.036250591 28.60162735
    1.1000 -8.129860878 10.00000000 -6.828235626 28.23195457
    1.1200 -7.880493164 10.00000000 -6.688438892 27.81945801
    1.1400 -7.657260895 10.00000000 -6.616994858 27.38120270
    1.1600 -7.467645168 10.00000000 -6.611752033 26.93324089
    1.1800 -7.317238808 10.00000000 -6.669070721 26.49034500
    1.2000 -7.209878445 10.00000000 -6.784440994 26.06598473
    1.2200 -7.147838593 10.00000000 -6.952879429 25.67242432
    1.2400 -7.132048607 10.00000000 -7.169106483 25.32088661
    1.2600 -7.162279606 10.00000000 -7.427529812 25.02170181
    1.2800 -7.237283230 10.00000000 -7.722070694 24.78438759
    1.3000 -7.354863644 10.00000000 -8.045883179 24.61763191
    1.3200 -7.511878967 10.00000000 -8.391010284 24.52913857
    1.3400 -7.704178333 10.00000000 -8.748043060 24.52530670
    1.3600 -7.926499844 10.00000000 -9.105849266 24.61075211
    1.3800 -8.172345161 10.00000000 -9.451450348 24.78764153
    1.4000 -8.433881760 10.00000000 -9.770144463 25.05491447
    1.4200 -8.701913834 10.00000000 -10.04596996 25.40744591
    1.4400 -8.965978622 10.00000000 -10.26257229 25.83530426
    1.4600 -9.214624405 10.00000000 -10.40449047 26.32328415
    1.4800 -9.435899734 10.00000000 -10.45878696 26.85092163
    1.5000 -9.618063927 10.00000000 -10.41682053 27.39318848
    1.5200 -9.750478745 10.00000000 -10.27586651 27.92196083
    1.5400 -9.824581146 10.00000000 -10.04021263 28.40817833
    1.5600 -9.834804535 10.00000000 -9.721409798 28.82446480
    1.5800 -9.779285431 10.00000000 -9.337493896 29.14776039
    1.6000 -9.660209656 10.00000000 -8.911240578 29.36149788
    1.6200 -9.483716965 10.00000000 -8.467758179 29.45690918
    1.6400 -9.259371758 10.00000000 -8.031881332 29.43326378
    1.6600 -8.999280930 10.00000000 -7.625863552 29.29709625
    1.6800 -8.717011452 10.00000000 -7.267737389 29.06069183
    1.7000 -8.426486969 10.00000000 -6.970518589 28.74023247
    1.7200 -8.141009331 10.00000000 -6.742198944 28.35397339
    1.7400 -7.872510910 10.00000000 -6.586338997 27.92070770
    1.7600 -7.631084919 10.00000000 -6.502996445 27.45868301
    1.7800 -7.424773216 10.00000000 -6.489742279 26.98495102
    1.8000 -7.259571075 10.00000000 -6.542582035 26.51509476
    1.8200 -7.139580727 10.00000000 -6.656664848 26.06322670
    1.8400 -7.067239761 10.00000000 -6.826744080 25.64213753
    1.8600 -7.043571472 10.00000000 -7.047385693 25.26350403
    1.8800 -7.068408012 10.00000000 -7.312957287 24.93809128
    1.9000 -7.140552044 10.00000000 -7.617441654 24.67588806
    1.9200 -7.257866383 10.00000000 -7.954118252 24.48612785
    1.9400 -7.417280674 10.00000000 -8.315173149 24.37716484
    1.9600 -7.614726543 10.00000000 -8.691290855 24.35618591
    1.9800 -7.845011711 10.00000000 -9.071298599 24.42871666
    2.0000 -8.101669312 10.00000000 -9.441957474 24.59794044
    2.0200 -8.376815796 10.00000000 -9.787992477 24.86383820
    2.0400 -8.661073685 10.00000000 -10.09248161 25.22224808
    2.0600 -8.943621635 10.00000000 -10.33768940 25.66396332
    2.0800 -9.212424278 10.00000000 -10.50638676 26.17407227
    2.1000 -9.454710007 10.00000000 -10.58360481 26.73179054
    2.1200 -9.657692909 10.00000000 -10.55862808 27.31101799
    2.1400 -9.809524536 10.00000000 -10.42691135 27.88176155
    2.1600 -9.900375366 10.00000000 -10.19149590 28.41241074
    2.1800 -9.923490524 10.00000000 -9.863521576 28.87261200
    2.2000 -9.876047134 10.00000000 -9.461582184 29.23627663
    2.2200 -9.759630203 10.00000000 -9.009922981 29.48416328
    2.2400 -9.580218315 10.00000000 -8.535804749 29.60552216
    2.2600 -9.347664833 10.00000000 -8.066543579 29.59852982
    2.2800 -9.074759483 10.00000000 -7.626828194 29.46953201
    2.3000 -8.776039124 10.00000000 -7.236768246 29.23139191
    2.3200 -8.466547966 10.00000000 -6.910906315 28.90140152
    2.3400 -8.160727501 10.00000000 -6.658160686 28.49918938
    2.3600 -7.871562481 10.00000000 -6.482476711 28.04497147
    2.3800 -7.610038757 10.00000000 -6.383886337 27.55830574
    2.4000 -7.384901047 10.00000000 -6.359676838 27.05735970
    2.4200 -7.202658653 10.00000000 -6.405456543 26.55861855
    2.4400 -7.067760468 10.00000000 -6.515979767 26.07690239
    2.4600 -6.982864857 10.00000000 -6.685687065 25.62555695
    2.4800 -6.949130058 10.00000000 -6.908957958 25.21672821
    2.5000 -6.966476440 10.00000000 -7.180114746 24.86161995
    2.5200 -7.033784389 10.00000000 -7.493226528 24.57068443
    2.5400 -7.149004459 10.00000000 -7.841761589 24.35369873
    2.5600 -7.309176922 10.00000000 -8.218146324 24.21969414
    2.5800 -7.510365963 10.00000000 -8.613286018 24.17669106
    2.6000 -7.747518539 10.00000000 -9.016122818 24.23122787
    2.6200 -8.014282227 10.00000000 -9.413317680 24.38765907
    2.6400 -8.302820206 10.00000000 -9.789169312 24.64724922
    2.6600 -8.603676796 10.00000000 -10.12589073 25.00710869
    2.6800 -8.905759811 10.00000000 -10.40437031 25.45912933
    2.7000 -9.196517944 10.00000000 -10.60548878 25.98909950
    2.7200 -9.462373734 10.00000000 -10.71196270 26.57629776
    2.7400 -9.689444542 10.00000000 -10.71056652 27.19382858
    2.7600 -9.864540100 10.00000000 -10.59437847 27.80994225
    2.7800 -9.976348877 10.00000000 -10.36459351 28.39036179
    2.8000 -10.01664829 10.00000000 -10.03139973 28.90139961
    2.8200 -9.981346130 10.00000000 -9.613567352 29.31337929
    2.8400 -9.871122360 10.00000000 -9.136667252 29.60371208
    2.8600 -9.691544533 10.00000000 -8.630219460 29.75899887
    2.8800 -9.452587128 10.00000000 -8.124343872 29.77576828
    2.9000 -9.167658806 10.00000000 -7.646614075 29.65979576
    2.9200 -8.852294922 10.00000000 -7.219699383 29.42434311
    2.9400 -8.522768974 10.00000000 -6.860103607 29.08779907
    2.9600 -8.194820404 10.00000000 -6.578001499 28.67128372
    2.9800 -7.882665157 10.00000000 -6.377933502 28.19661331
    3.0000 -7.598356724 10.00000000 -6.260002136 27.68484879
    3.0200 -7.351494312 10.00000000 -6.221223354 27.15545082
    3.0400 -7.149221420 10.00000000 -6.256764889 26.62594223
    3.0600 -6.996425152 10.00000000 -6.360918999 26.11194611
    3.0800 -6.896044254 10.00000000 -6.527742863 25.62742233
    3.1000 -6.849410534 10.00000000 -6.751376152 25.18500900
    3.1200 -6.856558323 10.00000000 -7.026072025 24.79634857
    3.1400 -6.916463375 10.00000000 -7.346000195 24.47234726
    3.1600 -7.027185917 10.00000000 -7.704874992 24.22331619
    3.1800 -7.185910225 10.00000000 -8.095465660 24.05895805
    3.2000 -7.388882637 10.00000000 -8.509050369 23.98815727
    3.2200 -7.631260872 10.00000000 -8.934876442 24.01854515
    3.2400 -7.906904221 10.00000000 -9.359722137 24.15580368
    3.2600 -8.208139420 10.00000000 -9.767675400 24.40271759
    3.2800 -8.525563240 10.00000000 -10.14026260 24.75802422
    3.3000 -8.847947121 10.00000000 -10.45708752 25.21515846
    3.3200 -9.162335396 10.00000000 -10.69707966 25.76113129
    3.3400 -9.454408646 10.00000000 -10.84039497 26.37581062
    3.3600 -9.709173203 10.00000000 -10.87082863 27.03196526
    3.3800 -9.911982536 10.00000000 -10.77842045 27.69636536
    3.4000 -10.04981899 10.00000000 -10.56174278 28.33206558
    3.4200 -10.11267185 10.00000000 -10.22927284 28.90172005
    3.4400 -10.09478855 10.00000000 -9.799353600 29.37144661
    3.4600 -9.995546341 10.00000000 -9.298557281 29.71448708
    3.4800 -9.819740295 10.00000000 -8.758670807 29.91391754
    3.5000 -9.577205658 10.00000000 -8.212933540 29.96382523
    3.5200 -9.281829834 10.00000000 -7.692337990 29.86884689
    3.5400 -8.950139999 10.00000000 -7.222734451 29.64231682
    3.5600 -8.599742889 10.00000000 -6.823175430 29.30364418
    3.5800 -8.247857094 10.00000000 -6.505564213 28.87554359
    3.6000 -7.910148144 10.00000000 -6.275352955 28.38164520
    3.6200 -7.599960804 10.00000000 -6.132880211 27.84476089
    3.6400 -7.327950954 10.00000000 -6.074931145 27.28587532
    3.6600 -7.102061749 10.00000000 -6.096191406 26.72374153
    3.6800 -6.927741051 10.00000000 -6.190402985 26.17492104
    3.7000 -6.808292389 10.00000000 -6.351141930 25.65407372
    3.7200 -6.745272160 10.00000000 -6.572222233 25.17436790
    3.7400 -6.738858700 10.00000000 -6.847774506 24.74788475
    3.7600 -6.788141727 10.00000000 -7.172057629 24.38595963
    3.7800 -6.891309738 10.00000000 -7.539074421 24.09940720
    3.8000 -7.045718193 10.00000000 -7.942039967 23.89857483
    3.8200 -7.247842789 10.00000000 -8.372768402 23.79321289
    3.8400 -7.493126392 10.00000000 -8.821035385 23.79208755
    3.8600 -7.775743961 10.00000000 -9.274013519 23.90233040
    3.8800 -8.088326454 10.00000000 -9.715879440 24.12848473
    3.9000 -8.421689034 10.00000000 -10.12776279 24.47127151
    3.9200 -8.764650345 10.00000000 -10.48819065 24.92618752
    3.9400 -9.104022980 10.00000000 -10.77420521 25.48210526
    3.9600 -9.424876213 10.00000000 -10.96322918 26.12020111
    3.9800 -9.711157799 10.00000000 -11.03562355 26.81359100
    4.0000 -9.946699142 10.00000000 -10.97764492 27.52807999
    4.0200 -10.11656475 10.00000000 -10.78427887 28.22426224
    4.0400 -10.20860100 10.00000000 -10.46124649 28.86093521
    4.0600 -10.21492767 10.00000000 -10.02554417 29.39937592
    4.0800 -10.13309288 10.00000000 -9.504127502 29.80768585
    4.1000 -9.966620445 10.00000000 -8.930865288 30.06426811
    4.1200 -9.724802017 10.00000000 -8.342370033 30.15968132
    4.1400 -9.421749115 10.00000000 -7.773653984 30.09654236
    4.1600 -9.074902534 10.00000000 -7.254532814 29.88771820
    4.1800 -8.703278542 10.00000000 -6.807405472 29.55343056
    4.2000 -8.325772285 10.00000000 -6.446579456 29.11805344
    4.2200 -7.959766388 10.00000000 -6.178901196 28.60726547
    4.2400 -7.620183945 10.00000000 -6.005221844 28.04594803
    4.2600 -7.319006443 10.00000000 -5.922194004 27.45692635
    4.2800 -7.065204144 10.00000000 -5.923991203 26.86045074
    4.3000 -6.864957333 10.00000000 -6.003699780 26.27421951
    4.3200 -6.722054005 10.00000000 -6.154279232 25.71372032
    4.3400 -6.638350487 10.00000000 -6.369088173 25.19271088
    4.3600 -6.614206791 10.00000000 -6.642034054 24.72372627
    4.3800 -6.648846626 10.00000000 -6.967415810 24.31850433
    4.4000 -6.740597248 10.00000000 -7.339535713 23.98830414
    4.4200 -6.887004375 10.00000000 -7.752138138 23.74406052
    4.4400 -7.084810257 10.00000000 -8.197737694 23.59633446
    4.4600 -7.329811096 10.00000000 -8.666891098 23.55502510
    4.4800 -7.616607666 10.00000000 -9.147493362 23.62878609
    4.5000 -7.938288212 10.00000000 -9.624209404 23.82410240
    4.5200 -8.286089897 10.00000000 -10.07818890 24.14403725
    4.5400 -8.649114609 10.00000000 -10.48726368 24.58669472
    4.5600 -9.014192581 10.00000000 -10.82682800 25.14356041
    4.5800 -9.366011620 10.00000000 -11.07156563 25.79803276
    4.6000 -9.687609673 10.00000000 -11.19804192 26.52455139
    4.6200 -9.961317062 10.00000000 -11.18796062 27.28881836
    4.6400 -10.17012596 10.00000000 -11.03157234 28.04952240
    4.6600 -10.29937935 10.00000000 -10.73046970 28.76165390
    4.6800 -10.33852959 10.00000000 -10.29894352 29.38111115
    4.7000 -10.28263474 10.00000000 -9.763273239 29.86976814
    4.7200 -10.13325882 10.00000000 -9.158866882 30.19992256
    4.7400 -9.898543358 10.00000000 -8.525778770 30.35708809
    4.7600 -9.592392921 10.00000000 -7.903651237 30.34056091
    4.7800 -9.232946396 10.00000000 -7.327226162 30.16183281
    4.8000 -8.840641975 10.00000000 -6.823320389 29.84148788
    4.8200 -8.436246872 10.00000000 -6.409618378 29.40552330
    4.8400 -8.039175987 10.00000000 -6.095098972 28.88191795
    4.8600 -7.666296959 10.00000000 -5.881586552 28.29801559
    4.8800 -7.331278801 10.00000000 -5.765806198 27.67890549
    4.9000 -7.044431210 10.00000000 -5.741427898 27.04671478
    4.9200 -6.812915802 10.00000000 -5.800764561 26.42057228
    4.9400 -6.641180515 10.00000000 -5.935979843 25.81699181
    4.9600 -6.531490326 10.00000000 -6.139787197 25.25043297
    4.9800 -6.484446049 10.00000000 -6.405707836 24.73391151
    5.0000 -6.499426365 10.00000000 -6.727967262 24.27953911
    5.0200 -6.574902534 10.00000000 -7.101124763 23.89895058
    5.0400 -6.708613396 10.00000000 -7.519498348 23.60356331
    5.0600 -6.897587776 10.00000000 -7.976447105 23.40464783
    5.0800 -7.138027191 10.00000000 -8.463563919 23.31315422
    5.1000 -7.425059319 10.00000000 -8.969842911 23.33923721
    5.1200 -7.752390862 10.00000000 -9.480921745 23.49143410
    5.1400 -8.111907005 10.00000000 -9.978541374 23.77543259
    5.1600 -8.493285179 10.00000000 -10.44042873 24.19247437
    5.1800 -8.883711815 10.00000000 -10.84083271 24.73748016
    5.2000 -9.267836571 10.00000000 -11.15196323 25.39717102
    5.2200 -9.628086090 10.00000000 -11.34645844 26.14860916
    5.2400 -9.945457458 10.00000000 -11.40079975 26.95872116
    5.2600 -10.20083427 10.00000000 -11.29925442 27.78535843
    5.2800 -10.37675762 10.00000000 -11.03757191 28.58023643
    5.3000 -10.45943832 10.00000000 -10.62542534 29.29363441
    5.3200 -10.44064236 10.00000000 -10.08669853 29.88014221
    5.3400 -10.31906033 10.00000000 -9.457185745 30.30423355
    5.3600 -10.10079670 10.00000000 -8.780038834 30.54435158
    5.3800 -9.798837662 10.00000000 -8.100004196 30.59454155
    5.4000 -9.431581497 10.00000000 -7.457850456 30.46342850
    5.4200 -9.020754814 10.00000000 -6.886220932 30.17109108
    5.4400 -8.589143753 10.00000000 -6.407564163 29.74487686
    5.4600 -8.158544540 10.00000000 -6.034129620 29.21525955
    5.4800 -7.748229027 10.00000000 -5.769486904 28.61251640
    5.5000 -7.374034882 10.00000000 -5.610836983 27.96457291
    5.5200 -7.048054218 10.00000000 -5.551446915 27.29597282
    5.5400 -6.778789520 10.00000000 -5.582749367 26.62771988
    5.5600 -6.571612835 10.00000000 -5.695887089 25.97766495
    5.5800 -6.429369450 10.00000000 -5.882662296 25.36116028
    5.6000 -6.352994919 10.00000000 -6.135954857 24.79178429
    5.6200 -6.342056751 10.00000000 -6.449712753 24.28201103
    5.6400 -6.395167828 10.00000000 -6.818624496 23.84376335
    5.6600 -6.510244370 10.00000000 -7.237550735 23.48880577
    5.6800 -6.684593678 10.00000000 -7.700782776 23.22894669
    5.7000 -6.914845467 10.00000000 -8.201174736 23.07601166
    5.7200 -7.196726322 10.00000000 -8.729205132 23.04152679
    5.7400 -7.524707317 10.00000000 -9.272039413 23.13603592
    5.7600 -7.891557693 10.00000000 -9.812727928 23.36800003
    5.7800 -8.287860870 10.00000000 -10.32971954 23.74221802
    5.8000 -8.701583862 10.00000000 -10.79695892 24.25783539
    5.8200 -9.117825508 10.00000000 -11.18486309 24.90611839
    5.8400 -9.518883705 10.00000000 -11.46242905 25.66837692
    5.8600 -9.884814262 10.00000000 -11.60057068 26.51461983
    5.8800 -10.19457436 10.00000000 -11.57642174 27.40365982
    5.9000 -10.42777443 10.00000000 -11.37792683 28.28525352
    5.9200 -10.56686497 10.00000000 -11.00761604 29.10448456
    5.9400 -10.59943295 10.00000000 -10.48435688 29.80792809
    5.9600 -10.52013206 10.00000000 -9.842195511 30.35040092
    5.9800 -10.33178234 10.00000000 -9.126216888 30.70068550
    6.0000 -10.04532242 10.00000000 -8.386293411 30.84480286
    6.0200 -9.678590775 10.00000000 -7.670300961 30.78611946
    6.0400 -9.254189491 10.00000000 -7.018462181 30.54256630
    6.0600 -8.796919823 10.00000000 -6.459946632 30.14208603
    6.0800 -8.331295013 10.00000000 -6.012018204 29.61764908
    6.1000 -7.879541397 10.00000000 -5.681284428 29.00296974
    6.1200 -7.460304737 10.00000000 -5.466194153 28.32955551
    6.1400 -7.088077545 10.00000000 -5.359917641 27.62513924
    6.1600 -6.773234844 10.00000000 -5.352966309 26.91326523
    6.1800 -6.522480488 10.00000000 -5.435207367 26.21362686
    6.2000 -6.339518547 10.00000000 -5.597174168 25.54279900
    6.2200 -6.225779057 10.00000000 -5.830729008 24.91509628
    6.2400 -6.181086063 10.00000000 -6.129206657 24.34339714
    6.2600 -6.204195023 10.00000000 -6.487165451 23.83983803
    6.2800 -6.293161392 10.00000000 -6.899855137 23.41636848
    6.3000 -6.445526123 10.00000000 -7.362478256 23.08509827
    6.3200 -6.658318520 10.00000000 -7.869292736 22.85844994
    6.3400 -6.927886963 10.00000000 -8.412595749 22.74902725
    6.3600 -7.249566078 10.00000000 -8.981648445 22.76915550
    6.3800 -7.617215157 10.00000000 -9.561624527 22.92997169
    6.4000 -8.022665024 10.00000000 -10.13275337 23.24001884
    6.4200 -8.455148697 10.00000000 -10.66989899 23.70326996
    6.4400 -8.900831223 10.00000000 -11.14291000 24.31670380
    6.4600 -9.342590332 10.00000000 -11.51809788 25.06768608
    6.4800 -9.760231018 10.00000000 -11.76113033 25.93170357
    6.5000 -10.13132286 10.00000000 -11.84133625 26.87122345
    6.5200 -10.43274593 10.00000000 -11.73696804 27.83652306
    6.5400 -10.64291573 10.00000000 -11.44039249 28.76911926
    6.5600 -10.74440002 10.00000000 -10.96176910 29.60776901
    6.5800 -10.72647095 10.00000000 -10.32981396 30.29613304
    6.6000 -10.58699703 10.00000000 -9.588916779 30.79036331
    6.6200 -10.33317184 10.00000000 -8.793004036 31.06467056
    6.6400 -9.980838776 10.00000000 -7.997674465 31.11341858
    6.6600 -9.552536011 10.00000000 -7.252677441 30.94945908
    6.6800 -9.074729919 10.00000000 -6.596531868 30.59958267
    6.7000 -8.574841499 10.00000000 -6.054158688 30.09871292
    6.7200 -8.078644753 10.00000000 -5.637363911 29.48438644
    6.7400 -7.608405590 10.00000000 -5.347294807 28.79260063
    6.7600 -7.181882858 10.00000000 -5.177763939 28.05535889
    6.7800 -6.812112331 10.00000000 -5.118525982 27.29976273
    6.8000 -6.507771015 10.00000000 -5.157944202 26.54816437
    6.8200 -6.273883343 10.00000000 -5.284835815 25.81893921
    6.8400 -6.112663746 10.00000000 -5.489516735 25.12748718
    6.8600 -6.024334431 10.00000000 -5.764187336 24.48723793
    6.8800 -6.007820129 10.00000000 -6.102825642 23.91053200
    6.9000 -6.061266899 10.00000000 -6.500730038 23.40934181
    6.9200 -6.182358742 10.00000000 -6.953813553 22.99580765
    6.9400 -6.368432045 10.00000000 -7.457712650 22.68256760
    6.9600 -6.616394997 10.00000000 -8.006741524 22.48285294
    6.9800 -6.922456741 10.00000000 -8.592728615 22.41028786
    7.0000 -7.281692982 10.00000000 -9.203783989 22.47827911
    7.0200 -7.687466621 10.00000000 -9.823110580 22.69889450
    7.0400 -8.130761147 10.00000000 -10.42806149 23.08112335
    7.0600 -8.599514961 10.00000000 -10.98975468 23.62848091
    7.0800 -9.078095436 10.00000000 -11.47366428 24.33608246
    7.1000 -9.547104836 10.00000000 -11.84163094 25.18757439
    7.1200 -9.983742714 10.00000000 -12.05560017 26.15263557
    7.1400 -10.36293507 10.00000000 -12.08300209 27.18602562
    7.1600 -10.65931606 10.00000000 -11.90305901 28.22922325
    7.1800 -10.84995556 10.00000000 -11.51261234 29.21526909
    7.2000 -10.91744041 10.00000000 -10.92963314 30.07650375
    7.2200 -10.85267639 10.00000000 -10.19284725 30.75379562
    7.2400 -10.65671730 10.00000000 -9.356950760 31.20490456
    7.2600 -10.34107304 10.00000000 -8.484399796 31.40970421
    7.2800 -9.926367760 10.00000000 -7.635987282 31.37090874
    7.3000 -9.439641953 10.00000000 -6.862767696 31.11053467
    7.3200 -8.910972595 10.00000000 -6.201149940 30.66362762
    7.3400 -8.370144844 10.00000000 -5.671692371 30.07134056
    7.3600 -7.843993187 10.00000000 -5.280931473 29.37506866
    7.3800 -7.354712009 10.00000000 -5.024961948 28.61253929
    7.4000 -6.919166565 10.00000000 -4.893462658 27.81593895
    7.4200 -6.549020290 10.00000000 -4.873260975 27.01160812
    7.4400 -6.251401901 10.00000000 -4.950977325 26.22073555
    7.4600 -6.029842854 10.00000000 -5.114678860 25.46048164
    7.4800 -5.885266304 10.00000000 -5.354667664 24.74520683
    7.5000 -5.816880226 10.00000000 -5.663618565 24.08758163
    7.5200 -5.822890759 10.00000000 -6.036258221 23.49952316
    7.5400 -5.901000977 10.00000000 -6.468733311 22.99292946
    7.5600 -6.048682213 10.00000000 -6.957761288 22.58021927
    7.5800 -6.263227940 10.00000000 -7.499604225 22.27466011
    7.6000 -6.541594982 10.00000000 -8.088889122 22.09045029
    7.6200 -6.880048275 10.00000000 -8.717287064 22.04246902
    7.6400 -7.273620605 10.00000000 -9.372103691 22.14556694
    7.6600 -7.715417385 10.00000000 -10.03490353 22.41325760
    7.6800 -8.195824623 10.00000000 -10.68041134 22.85566902
    7.7000 -8.701718330 10.00000000 -11.27607155 23.47669983
    7.7200 -9.215847969 10.00000000 -11.78278923 24.27053642
    7.7400 -9.716620445 10.00000000 -12.15740395 25.21801376
    7.7600 -10.17856884 10.00000000 -12.35726547 26.28371620
    7.7800 -10.57374096 10.00000000 -12.34676838 27.41505623
    7.8000 -10.87411976 10.00000000 -12.10488033 28.54461288
    7.8200 -11.05488873 10.00000000 -11.63181496 29.59637070
    7.8400 -11.09803391 10.00000000 -10.95256138 30.49532890
    7.8600 -10.99548435 10.00000000 -10.11546230 31.17845726
    7.8800 -10.75093842 10.00000000 -9.185499191 31.60402870
    7.9000 -10.37980461 10.00000000 -8.233910561 31.75660324
    7.9200 -9.907205582 10.00000000 -7.327112675 31.64643097
    7.9400 -9.364542007 10.00000000 -6.517993450 31.30404472
    7.9600 -8.785482407 10.00000000 -5.841434479 30.77225494
    7.9800 -8.202273369 10.00000000 -5.314227581 30.09813118
    8.0000 -7.642990112 10.00000000 -4.938203335 29.32678032
    8.0200 -7.129999638 10.00000000 -4.704882145 28.49767876
    8.0400 -6.679550171 10.00000000 -4.600172043 27.64331436
    8.0600 -6.302211761 10.00000000 -4.608203888 26.78946304
    8.0800 -6.003825188 10.00000000 -4.713970184 25.95634460
    8.1000 -5.786655903 10.00000000 -4.904816151 25.16008377
    8.1200 -5.650521278 10.00000000 -5.171014786 24.41411972
    8.1400 -5.593763828 10.00000000 -5.505698204 23.73043060
    8.1600 -5.613994122 10.00000000 -5.904361248 23.12051773
    8.1800 -5.708581924 10.00000000 -6.364092350 22.59617615
    8.2000 -5.874903679 10.00000000 -6.882610798 22.17005539
    8.2200 -6.110352516 10.00000000 -7.457135201 21.85602951
    8.2400 -6.412126541 10.00000000 -8.083083153 21.66930771
    8.2600 -6.776801586 10.00000000 -8.752597809 21.62620544
    8.2800 -7.199704647 10.00000000 -9.452938080 21.74341202
    8.3000 -7.674103260 10.00000000 -10.16485405 22.03659058
    8.3200 -8.190272331 10.00000000 -10.86121464 22.51808929
    8.3400 -8.734544754 10.00000000 -11.50633144 23.19369698
    8.3600 -9.288531303 10.00000000 -12.05661392 24.05854416
    8.3800 -9.828787804 10.00000000 -12.46326923 25.09271431
    8.4000 -10.32726479 10.00000000 -12.67755413 26.25760460
    8.4200 -10.75285625 10.00000000 -12.65847969 27.49460411
    8.4400 -11.07418346 10.00000000 -12.38183689 28.72767830
    8.4600 -11.26342964 10.00000000 -11.84823990 29.87075806
    8.4800 -11.30058384 10.00000000 -11.08731842 30.83927345
    8.5000 -11.17712116 10.00000000 -10.15576363 31.56325912
    8.5200 -10.89806938 10.00000000 -9.128911972 31.99828148
    8.5400 -10.48177814 10.00000000 -8.088024139 32.13081741
    8.5600 -9.957376480 10.00000000 -7.107110977 31.97673416
    8.5800 -9.360597610 10.00000000 -6.243072033 31.57411575
    8.6000 -8.729061127 10.00000000 -5.531220913 30.97339439
    8.6200 -8.098076820 10.00000000 -4.986076832 30.22795868
    8.6400 -7.497680664 10.00000000 -4.605720520 29.38731575
    8.6600 -6.951128960 10.00000000 -4.377571106 28.49344254
    8.6800 -6.474690437 10.00000000 -4.283862591 27.57981300
    8.7000 -6.078359604 10.00000000 -4.305880070 26.67218590
    8.7200 -5.767074585 10.00000000 -4.426703930 25.79020691
    8.7400 -5.542091370 10.00000000 -4.632629395 24.94919205
    8.7600 -5.402277470 10.00000000 -4.913598061 24.16175842
    8.7800 -5.345187664 10.00000000 -5.262969971 23.43916321
    8.8000 -5.367868423 10.00000000 -5.676895618 22.79236603
    8.8200 -5.467377663 10.00000000 -6.153442860 22.23285294
    8.8400 -5.641036034 10.00000000 -6.691556931 21.77326202
    8.8600 -5.886431217 10.00000000 -7.289862156 21.42781830
    8.8800 -6.201183796 10.00000000 -7.945279598 21.21255493
    8.9000 -6.582487583 10.00000000 -8.651431084 21.14519501
    8.9200 -7.026422977 10.00000000 -9.396832466 21.24454308
    8.9400 -7.527055264 10.00000000 -10.16296673 21.52914429
    8.9600 -8.075359344 10.00000000 -10.92248917 22.01497078
    8.9800 -8.658069611 10.00000000 -11.63804245 22.71191406
    9.0000 -9.256643295 10.00000000 -12.26240540 23.61913681
    9.0200 -9.846643448 10.00000000 -12.74088860 24.71973801
    9.0400 -10.39795017 10.00000000 -13.01677418 25.97588158
    9.0600 -10.87620735 10.00000000 -13.03995514 27.32622147
    9.0800 -11.24577618 10.00000000 -12.77772045 28.68772316
    9.1000 -11.47407055 10.00000000 -12.22507477 29.96336174
    9.1200 -11.53660583 10.00000000 -11.41095352 31.05534744
    9.1400 -11.42159271 10.00000000 -10.39711761 31.88099861
    9.1600 -11.13275337 10.00000000 -9.268837929 32.38658905
    9.1800 -10.68939590 10.00000000 -8.119739532 32.55464935
    9.2000 -10.12362862 10.00000000 -7.035612106 32.40266418
    9.2200 -9.475490570 10.00000000 -6.082120895 31.97451019
    9.2400 -8.787342072 10.00000000 -5.299224854 31.32840347
    9.2600 -8.098863602 10.00000000 -4.702199459 30.52545357
    9.2800 -7.443550110 10.00000000 -4.287078857 29.62147141
    9.3000 -6.846980095 10.00000000 -4.037753582 28.66279984
    9.3200 -6.326649666 10.00000000 -3.932569504 27.68544388
    9.3400 -5.892883301 10.00000000 -3.949301004 26.71625900
    9.3600 -5.550319672 10.00000000 -4.068268299 25.77502060
    9.3800 -5.299546719 10.00000000 -4.273866177 24.87660789
    9.4000 -5.138613224 10.00000000 -4.554956913 24.03291130
    9.4200 -5.064274788 10.00000000 -4.904547691 23.25435829
    9.4400 -5.072916508 10.00000000 -5.319062710 22.55109024
    9.4600 -5.161155701 10.00000000 -5.797399044 21.93386841
    9.4800 -5.326149940 10.00000000 -6.339847565 21.41478729
    9.5000 -5.565643311 10.00000000 -6.946877956 21.00782585
    9.5200 -5.877765179 10.00000000 -7.617750168 20.72922897
    9.5400 -6.260591984 10.00000000 -8.348875046 20.59762192
    9.5600 -6.711462498 10.00000000 -9.131887436 20.63369179
    9.5800 -7.226044655 10.00000000 -9.951438904 20.85919380
    9.6000 -7.797158241 10.00000000 -10.78289795 21.29493904
    9.6200 -8.413425446 10.00000000 -11.59035492 21.95744705
    9.6400 -9.057897568 10.00000000 -12.32569313 22.85406876
    9.6600 -9.706959724 10.00000000 -12.92978382 23.97678375
    9.6800 -10.32994843 10.00000000 -13.33700657 25.29564667
    9.7000 -10.89003754 10.00000000 -13.48387146 26.75376701
    9.7200 -11.34686375 10.00000000 -13.32129478 28.26650810
    9.7400 -11.66101742 10.00000000 -12.82812309 29.72744179
    9.7600 -11.79989910 10.00000000 -12.02160931 31.02188683
    9.7800 -11.74370861 10.00000000 -10.96009254 32.04574203
    9.8000 -11.48987961 10.00000000 -9.735211372 32.72422791
    9.8200 -11.05447578 10.00000000 -8.455104828 33.02416992
    9.8400 -10.46994972 10.00000000 -7.224055290 32.95572662
    9.8600 -9.779905319 10.00000000 -6.125349998 32.56394196
    9.8800 -9.032415390 10.00000000 -5.212066174 31.91435051
    9.9000 -8.273676872 10.00000000 -4.506639481 31.07818985
    9.9200 -7.543321609 10.00000000 -4.006807804 30.12131500
    9.9400 -6.871910095 10.00000000 -3.694308519 29.09824371
    9.9600 -6.280434608 10.00000000 -3.543279648 28.05067444
    9.9800 -5.781262875 10.00000000 -3.526698828 27.00884247
   10.0000 -5.379864216 10.00000000 -3.620443821 25.99409294
   10.0200 -5.076775074 10.00000000 -3.805306196 25.02163506
   10.0400 -4.869439125 10.00000000 -4.067549229 24.10290146
   10.0600 -4.753734589 10.00000000 -4.398581028 23.24739075
   10.0800 -4.725122929 10.00000000 -4.794160843 22.46404648
   10.1000 -4.779423714 10.00000000 -5.253392696 21.76228905
   10.1200 -4.913257599 10.00000000 -5.777627945 21.15283775
   10.1400 -5.124203205 10.00000000 -6.369289398 20.64838409
   10.1600 -5.410698414 10.00000000 -7.030565262 20.26416016
   10.1800 -5.771702766 10.00000000 -7.761880398 20.01835442
   10.2000 -6.206112385 10.00000000 -8.560031891 19.93224335
   10.2200 -6.711905479 10.00000000 -9.415917397 20.02982140
   10.2400 -7.284994125 10.00000000 -10.31186962 20.33658981
   10.2600 -7.917785168 10.00000000 -11.21882057 20.87705994
   10.2800 -8.597521782 10.00000000 -12.09385204 21.67051125
   10.3000 -9.304608345 10.00000000 -12.87914181 22.72476196
   10.3200 -10.01130867 10.00000000 -13.50377464 24.02827263
   10.3400 -10.68141460 10.00000000 -13.89001274 25.54195404
   10.3600 -11.27160740 10.00000000 -13.96493435 27.19339943
   10.3800 -11.73508167 10.00000000 -13.67649651 28.87720299
   10.4000 -12.02750015 10.00000000 -13.01026917 30.46451569
   10.4200 -12.11440754 10.00000000 -12.00070763 31.82216263
   10.4400 -11.97830296 10.00000000 -10.73095417 32.83711624
   10.4600 -11.62314796 10.00000000 -9.318947792 33.43831253
   10.4801 -11.07463264 10.00000000 -7.893678665 33.60776901
   10.5001 -10.37594700 10.00000000 -6.570045471 33.37739944
   10.5201 -9.580401421 10.00000000 -5.430851936 32.81428909
   10.5401 -8.743157387 10.00000000 -4.520265579 32.00138092
   10.5601 -7.914215565 10.00000000 -3.847688198 31.02052498
   10.5801 -7.133935452 10.00000000 -3.397659540 29.94176483
   10.6001 -6.431285858 10.00000000 -3.141062737 28.81920242
   10.6201 -5.824283600 10.00000000 -3.044485331 27.69157791
   10.6401 -5.321778774 10.00000000 -3.076528788 26.58524132
   10.6601 -4.925795555 10.00000000 -3.211213112 25.51773262
   10.6801 -4.633872032 10.00000000 -3.429220200 24.50098419
   10.7001 -4.441078186 10.00000000 -3.717792988 23.54380608
   10.7201 -4.341584682 10.00000000 -4.069933891 22.65368271
   10.7401 -4.329773903 10.00000000 -4.483314514 21.83805275
   10.7601 -4.400945663 10.00000000 -4.959122181 21.10526276
   10.7801 -4.551685810 10.00000000 -5.500909328 20.46534538
   10.8001 -4.779955387 10.00000000 -6.113427639 19.93071938
   10.8201 -5.084943295 10.00000000 -6.801351547 19.51684761
   10.8401 -5.466690540 10.00000000 -7.567752838 19.24280739
   10.8601 -5.925467491 10.00000000 -8.412173271 19.13165474
   10.8801 -6.460866451 10.00000000 -9.328148842 19.21034050
   10.9001 -7.070552349 10.00000000 -10.30012989 19.50878525
   10.9201 -7.748640060 10.00000000 -11.29993725 20.05755043
   10.9401 -8.483725548 10.00000000 -12.28328419 20.88346100
   10.9601 -9.256753922 10.00000000 -13.18748474 22.00264549
   10.9801 -10.03912830 10.00000000 -13.93214321 23.41101265
   11.0001 -10.79176235 10.00000000 -14.42508793 25.07348061
   11.0201 -11.46602345 10.00000000 -14.57530785 26.91504860
   11.0401 -12.00745964 10.00000000 -14.31253719 28.81859779
   11.0601 -12.36264038 10.00000000 -13.60936451 30.63423729
   11.0801 -12.48827457 10.00000000 -12.49789143 32.20185471
   11.1001 -12.36041260 10.00000000 -11.07217884 33.38228226
   11.1201 -11.98074055 10.00000000 -9.472250938 34.08652496
   11.1401 -11.37753391 10.00000000 -7.853955746 34.29154205
   11.1601 -10.60071373 10.00000000 -6.356085777 34.03683090
   11.1801 -9.712665558 10.00000000 -5.076815128 33.40525818
   11.2001 -8.777853966 10.00000000 -4.065585613 32.49780655
   11.2201 -7.854102612 10.00000000 -3.328858376 31.41187096
   11.2401 -6.987204552 10.00000000 -2.843469620 30.22826576
   11.2601 -6.209037781 10.00000000 -2.571106672 29.00697899
   11.2801 -5.538392067 10.00000000 -2.469867229 27.78885460
   11.3001 -4.983364582 10.00000000 -2.501616478 26.59994316
   11.3201 -4.544319153 10.00000000 -2.635611773 25.45621490
   11.3401 -4.216728687 10.00000000 -2.849530220 24.36750984
   11.3601 -3.993553638 10.00000000 -3.129000187 23.34041405
   11.3801 -3.867039204 10.00000000 -3.466448307 22.38020515
   11.4001 -3.829959631 10.00000000 -3.859753847 21.49215126
   11.4201 -3.876394749 10.00000000 -4.310952663 20.68243217
   11.4401 -4.002142906 10.00000000 -4.825067520 19.95887947
   11.4601 -4.204853535 10.00000000 -5.409033775 19.33167839
   11.4801 -4.483939171 10.00000000 -6.070617676 18.81410217
   11.5001 -4.840294838 10.00000000 -6.817171574 18.42327881
   11.5201 -5.275805473 10.00000000 -7.654035091 18.18095016
   11.5401 -5.792603970 10.00000000 -8.582359314 18.11403847
   11.5601 -6.391994476 10.00000000 -9.596145630 18.25473213
   11.5801 -7.072952271 10.00000000 -10.67837811 18.63954544
   11.6001 -7.830121994 10.00000000 -11.79639530 19.30659676
   11.6201 -8.651332855 10.00000000 -12.89717007 20.29013252
   11.6401 -9.514835358 10.00000000 -13.90402222 21.61147881
   11.6601 -10.38680744 10.00000000 -14.71734142 23.26634407
   11.6801 -11.22011185 10.00000000 -15.22262573 25.21029091
   11.7001 -11.95563889 10.00000000 -15.30839729 27.34697533
   11.7201 -12.52749062 10.00000000 -14.89324474 29.52632141
   11.7401 -12.87236500 10.00000000 -13.95535755 31.55949974
   11.7601 -12.94172955 10.00000000 -12.55237961 33.25207138
   11.7801 -12.71339035 10.00000000 -10.81935024 34.44676971
   11.8001 -12.19826126 10.00000000 -8.941016197 35.05942535
   11.8201 -11.43940258 10.00000000 -7.108061790 35.09247589
   11.8401 -10.50346088 10.00000000 -5.475387096 34.62165833
   11.8601 -9.467679977 10.00000000 -4.137948990 33.76488876
   11.8801 -8.406886101 10.00000000 -3.128674746 32.64865112
   11.9001 -7.383913994 10.00000000 -2.432404041 31.38375092
   11.9201 -6.444854736 10.00000000 -2.005773783 30.05427933
   11.9401 -5.618594646 10.00000000 -1.795075297 28.71716690
   11.9601 -4.919175148 10.00000000 -1.748496890 27.40738106
   11.9801 -4.349428177 10.00000000 -1.822636247 26.14461327
   12.0001 -3.904751778 10.00000000 -1.984779239 24.93915367
   12.0201 -3.576383114 10.00000000 -2.212667942 23.79617882
   12.0401 -3.353928089 10.00000000 -2.493091583 22.71853638
   12.0601 -3.227143526 10.00000000 -2.820133448 21.70844269
   12.0801 -3.187084913 10.00000000 -3.193508148 20.76851273
   12.1001 -3.226767063 10.00000000 -3.617164135 19.90245056
   12.1201 -3.341476202 10.00000000 -4.098168850 19.11562538
   12.1401 -3.528842688 10.00000000 -4.645813942 18.41567421
   12.1601 -3.788746595 10.00000000 -5.270814896 17.81321144
   12.1801 -4.123089314 10.00000000 -5.984448433 17.32269669
   12.2001 -4.535424709 10.00000000 -6.797419548 16.96343613
   12.2201 -5.030404091 10.00000000 -7.718201637 16.76067543
   12.2401 -5.612944126 10.00000000 -8.750546455 16.74656868
   12.2601 -6.286988735 10.00000000 -9.889834404 16.96064568
   12.2801 -7.053705692 10.00000000 -11.11803150 17.44905853
   12.3001 -7.908973217 10.00000000 -12.39732456 18.26151085
   12.3201 -8.840122223 10.00000000 -13.66326141 19.44437027
   12.3401 -9.822170258 10.00000000 -14.81951046 21.02853966
   12.3601 -10.81428909 10.00000000 -15.73813248 23.01169777
   12.3801 -11.75793552 10.00000000 -16.27055740 25.33743668
   12.4001 -12.57867718 10.00000000 -16.27347374 27.87841606
   12.4201 -13.19362354 10.00000000 -15.64829063 30.43495750
   12.4401 -13.52489853 10.00000000 -14.38298416 32.75962830
   12.4601 -13.51668167 10.00000000 -12.57642555 34.60834885
   12.4801 -13.15034103 10.00000000 -10.42718792 35.80186844
   12.5001 -12.45141602 10.00000000 -8.185316086 36.27033997
   12.5201 -11.48501873 10.00000000 -6.087143898 36.05983353
   12.5401 -10.34135151 10.00000000 -4.302558422 35.30093384
   12.5601 -9.117140770 10.00000000 -2.913830757 34.15926361
   12.5801 -7.899406910 10.00000000 -1.925377607 32.79165649
   12.6001 -6.755489349 10.00000000 -1.290341854 31.32124138
   12.6201 -5.729862690 10.00000000 -0.9387446642 29.83146095
   12.6401 -4.845993042 10.00000000 -0.7984129190 28.37185287
   12.6601 -4.110828876 10.00000000 -0.8067657948 26.96797943
   12.6801 -3.519962788 10.00000000 -0.9153664708 25.63073158
   12.7001 -3.062282801 10.00000000 -1.090079546 24.36316299
   12.7201 -2.723615885 10.00000000 -1.309150100 23.16478920
   12.7401 -2.489304543 10.00000000 -1.560656667 22.03399467
   12.7601 -2.345862865 10.00000000 -1.840092778 20.96925735
   12.7801 -2.281931162 10.00000000 -2.148384571 19.96974182
   12.8001 -2.288743496 10.00000000 -2.490413189 19.03562164
   12.8201 -2.360281706 10.00000000 -2.873995304 18.16835022
   12.8401 -2.493250608 10.00000000 -3.309225798 17.37097549
   12.8601 -2.686959028 10.00000000 -3.808068037 16.64861488
   12.8801 -2.943160295 10.00000000 -4.384065151 16.00909424
   12.9001 -3.265866995 10.00000000 -5.052030087 15.46383858
   12.9201 -3.661124229 10.00000000 -5.827531815 15.02904129
   12.9401 -4.136689663 10.00000000 -6.725937366 14.72712803
   12.9601 -4.701529026 10.00000000 -7.760675430 14.58848000
   12.9801 -5.364972591 10.00000000 -8.940263748 14.65321445
   13.0001 -6.135324478 10.00000000 -10.26355362 14.97253895
   13.0201 -7.017647266 10.00000000 -11.71264648 15.60869408
   13.0401 -8.010435104 10.00000000 -13.24331093 16.63174820
   13.0601 -9.101003647 10.00000000 -14.77381229 18.11069489
   13.0801 -10.25983047 10.00000000 -16.17528725 20.09597206
   13.1001 -11.43490314 10.00000000 -17.27017021 22.59201050
   13.1201 -12.54840469 10.00000000 -17.84815598 25.52341843
   13.1401 -13.49924374 10.00000000 -17.70788002 28.70735359
   13.1601 -14.17481804 10.00000000 -16.72192001 31.85313797
   13.1801 -14.47258377 10.00000000 -14.90314388 34.60801315
   13.2001 -14.32646465 10.00000000 -12.43471718 36.64622498
   13.2201 -13.72795963 10.00000000 -9.634653091 37.76599503
   13.2401 -12.73175526 10.00000000 -6.863022327 37.94350052
   13.2601 -11.44246101 10.00000000 -4.418256760 37.31592178
   13.2801 -9.988514900 10.00000000 -2.473254204 36.11048126
   13.3001 -8.494547844 10.00000000 -1.070140362 34.56377792
   13.3201 -7.061604500 10.00000000 -0.1565814018 32.86756897
   13.3401 -5.758595943 10.00000000 0.3664656878 31.15037727
   13.3601 -4.623102188 10.00000000 0.6067713499 29.48429680
   13.3801 -3.667456150 10.00000000 0.6591306329 27.90177727
   13.4001 -2.886440516 10.00000000 0.5971291065 26.41200066
   13.4201 -2.264353275 10.00000000 0.4729493260 25.01272964
   13.4401 -1.780497193 10.00000000 0.3207617104 23.69737244
   13.4601 -1.412970543 10.00000000 0.1610366702 22.45856094
   13.4801 -1.141016603 10.00000000 0.4515647888E-02 21.28961563
   13.5001 -0.9462943077 10.00000000 -0.1446034908 20.18494415
   13.5201 -0.8134153485 10.00000000 -0.2863165140 19.13997650
   13.5401 -0.7300222516 10.00000000 -0.4231903553 18.15097046
   13.5601 -0.6866098642 10.00000000 -0.5593175292 17.21481323
   13.5801 -0.6762281060 10.00000000 -0.6997028589 16.32888603
   13.6001 -0.6941561103 10.00000000 -0.8499616385 15.49098778
   13.6201 -0.7376003861 10.00000000 -1.016237736 14.69930935
   13.6401 -0.8054468632 10.00000000 -1.205273986 13.95246601
   13.6601 -0.8980806470 10.00000000 -1.424591422 13.24958038
   13.6801 -1.017278552 10.00000000 -1.682747006 12.59042549
   13.7001 -1.166173339 10.00000000 -1.989652991 11.97565079
   13.7201 -1.349287033 10.00000000 -2.356944323 11.40711498
   13.7401 -1.572627902 10.00000000 -2.798378944 10.88837814
   13.7601 -1.843842983 10.00000000 -3.330242634 10.42542267
   13.7801 -2.172412157 10.00000000 -3.971703291 10.02769279
   13.8001 -2.569856167 10.00000000 -4.745006084 9.709587097
   13.8201 -3.049910069 10.00000000 -5.675300598 9.492561340
   13.8401 -3.628565788 10.00000000 -6.789732933 9.408007622
   13.8601 -4.323817730 10.00000000 -8.115168571 9.501022339
   13.8801 -5.154822826 10.00000000 -9.673521042 9.834935188
   13.9001 -6.140009880 10.00000000 -11.47318554 10.49588776
   13.9201 -7.293453693 10.00000000 -13.49471760 11.59547043
   13.9401 -8.618645668 10.00000000 -15.66930389 13.26717949
   13.9601 -10.09893322 10.00000000 -17.85115433 15.64933014
   13.9801 -11.68484783 10.00000000 -19.79177094 18.84489822
   14.0001 -13.28102493 10.00000000 -21.13587379 22.85266304
   14.0201 -14.73953438 10.00000000 -21.46978569 27.48201180
   14.0401 -15.87005711 10.00000000 -20.44503593 32.29708862
   14.0601 -16.47525597 10.00000000 -17.95226669 36.66053772
   14.0801 -16.40711212 10.00000000 -14.24866486 39.91402435
   14.1001 -15.62145901 10.00000000 -9.923374176 41.62755203
   14.1201 -14.20007992 10.00000000 -5.684371471 41.76121140
   14.1401 -12.32553482 10.00000000 -2.095797777 40.62962723
   14.1601 -10.22311115 10.00000000 0.5713899136 38.71371078
   14.1801 -8.101212502 10.00000000 2.323273659 36.46238708
   14.2001 -6.114280701 10.00000000 3.330554962 34.18656158
   14.2201 -4.353115082 10.00000000 3.813702583 32.05058289
   14.2401 -2.853804588 10.00000000 3.972482204 30.11349297
   14.2601 -1.613836884 10.00000000 3.959552765 28.37649155
   14.2801 -0.6077213287 10.00000000 3.880044460 26.81718063
   14.3001 0.2010733485 10.00000000 3.801254034 25.40855789
   14.3201 0.8522484303 10.00000000 3.763818741 24.12732124
   14.3401 1.384103537 10.00000000 3.791084528 22.95630836
   14.3601 1.831275702 10.00000000 3.896017313 21.88437653
   14.3801 2.223951578 10.00000000 4.085968971 20.90552902
   14.4001 2.587939024 10.00000000 4.365796089 20.01808739
   14.4201 2.945183516 10.00000000 4.739770889 19.22420502
   14.4401 3.314456224 10.00000000 5.212596416 18.52979660
   14.4601 3.712037563 10.00000000 5.789710999 17.94482613
   14.4801 4.152272701 10.00000000 6.476952553 17.48391724
   14.5001 4.647904396 10.00000000 7.279543400 17.16717529
   14.5201 5.210085392 10.00000000 8.200256348 17.02107430
   14.5401 5.847961426 10.00000000 9.236548424 17.07912636
   14.5601 6.567694187 10.00000000 10.37643719 17.38181114
   14.5801 7.370792866 10.00000000 11.59303761 17.97495461
   14.6001 8.251662254 10.00000000 12.83811188 18.90533638
   14.6201 9.194451332 10.00000000 14.03588867 20.21208572
   14.6401 10.16961670 10.00000000 15.07982826 21.91283798
   14.6601 11.13117981 10.00000000 15.83659458 23.98524857
   14.6801 12.01629353 10.00000000 16.16201782 26.34790611
   14.7001 12.74909115 10.00000000 15.93134403 28.84916115
   14.7201 13.25020027 10.00000000 15.07904148 31.27495575
   14.7401 13.45134258 10.00000000 13.63392830 33.38270187
   14.7601 13.31148529 10.00000000 11.73032379 34.95576859
   14.7801 12.82880402 10.00000000 9.583149910 35.85827637
   14.8001 12.04326916 10.00000000 7.433573723 36.06497192
   14.8201 11.02836800 10.00000000 5.489050865 35.65308762
   14.8401 9.875246048 10.00000000 3.883341074 34.76413727
   14.8602 8.675300598 10.00000000 2.667754650 33.55715942
   14.8802 7.506628513 10.00000000 1.827452898 32.17296982
   14.9002 6.426847935 10.00000000 1.308219194 30.71715736
   14.9202 5.471915245 10.00000000 1.041214228 29.25884819
   14.9402 4.658938408 10.00000000 0.9598695636 27.83796120
   14.9602 3.990811348 10.00000000 1.008610010 26.47459793
   14.9802 3.461050510 10.00000000 1.145644665 25.17712212
   15.0002 3.057952642 10.00000000 1.342379212 23.94782448
   15.0202 2.767755270 10.00000000 1.581355214 22.78639603
   15.0402 2.576818705 10.00000000 1.853852510 21.69184875
   15.0602 2.472994328 10.00000000 2.157717466 20.66350365
   15.0802 2.446390390 10.00000000 2.495628357 19.70151520
   15.1002 2.489723921 10.00000000 2.873822212 18.80721855
   15.1202 2.598414183 10.00000000 3.301217794 17.98346329
   15.1402 2.770525455 10.00000000 3.788834095 17.23505211
   15.1602 3.006630659 10.00000000 4.349375248 16.56934166
   15.1802 3.309626818 10.00000000 4.996843338 15.99705124
   15.2002 3.684498787 10.00000000 5.746002197 15.53332901
   15.2202 4.137995720 10.00000000 6.611463070 15.19909096
   15.2402 4.678137779 10.00000000 7.606090069 15.02258492
   15.2602 5.313422203 10.00000000 8.738312721 15.04101562
   15.2802 6.051542282 10.00000000 10.00785351 15.30180645
   15.3002 6.897373676 10.00000000 11.39937687 15.86264133
   15.3202 7.849965096 10.00000000 12.87387943 16.78878975
   15.3402 8.898371696 10.00000000 14.35852337 18.14547920
   15.3602 10.01648808 10.00000000 15.73750210 19.98274612
   15.3802 11.15775585 10.00000000 16.84941483 22.31126785
   15.4002 12.25169468 10.00000000 17.49942589 25.07171440
   15.4202 13.20533752 10.00000000 17.49403191 28.10771942
   15.4402 13.91274834 10.00000000 16.69816589 31.16055298
   15.4602 14.27370071 10.00000000 15.09781075 33.90369797
   15.4802 14.21788883 10.00000000 12.83565807 36.01906586
   15.5002 13.72609520 10.00000000 10.19038773 37.28791428
   15.5202 12.83861732 10.00000000 7.499550343 37.65111923
   15.5402 11.64633179 10.00000000 5.062542915 37.20733261
   15.5602 10.26826763 10.00000000 3.071411133 36.15596008
   15.5802 8.825441360 10.00000000 1.594039679 34.72194290
   15.6002 7.420320988 10.00000000 0.6005178094 33.09863663
   15.6202 6.126346588 10.00000000 0.6407797337E-02 31.42301178
   15.6402 4.986767292 10.00000000 -0.2890852988 29.77698898
   15.6602 4.019337654 10.00000000 -0.3791065216 28.20124817
   15.6802 3.223315239 10.00000000 -0.3384640217 26.71077919
   15.7002 2.586337805 10.00000000 -0.2216569632 25.30699539
   15.7202 2.090013742 10.00000000 -0.6523288786E-01 23.98543358
   15.7402 1.713935137 10.00000000 0.1083948985 22.73991776
   15.7602 1.438269615 10.00000000 0.2871542871 21.56445503
   15.7802 1.245248199 10.00000000 0.4661494195 20.45389938
   15.8002 1.119877338 10.00000000 0.6452670097 19.40405083
   15.8202 1.050150871 10.00000000 0.8274966478 18.41155052
   15.8402 1.026972055 10.00000000 1.017838120 17.47375107
   15.8602 1.043931603 10.00000000 1.222661614 16.58863831
   15.8802 1.097040772 10.00000000 1.449402452 15.75481033
   15.9002 1.184478760 10.00000000 1.706497312 14.97155380
   15.9202 1.306390405 10.00000000 2.003489017 14.23899269
   15.9402 1.464750051 10.00000000 2.351248264 13.55834389
   15.9602 1.663296938 10.00000000 2.762267590 12.93231106
   15.9802 1.907538772 10.00000000 3.250986576 12.36565685
   16.0002 2.204811573 10.00000000 3.834090710 11.86602688
   16.0202 2.564371824 10.00000000 4.530695438 11.44511509
   16.0402 2.997482061 10.00000000 5.362260818 11.12028790
   16.0602 3.517415524 10.00000000 6.351972103 10.91679096
   16.0802 4.139259338 10.00000000 7.523138046 10.87062073
   16.1002 4.879306316 10.00000000 8.895896912 11.03201103
   16.1202 5.753712654 10.00000000 10.48118687 11.46909714
   16.1402 6.775929451 10.00000000 12.27062607 12.27054596
   16.1602 7.952278137 10.00000000 14.22106743 13.54449272
   16.1802 9.275040627 10.00000000 16.23388100 15.40899754
   16.2002 10.71291637 10.00000000 18.13283730 17.96722031
   16.2202 12.20009232 10.00000000 19.65192795 21.26123619
   16.2402 13.62785339 10.00000000 20.45363045 25.20702744
   16.2602 14.84585094 10.00000000 20.20004845 29.53353882
   16.2802 15.68100166 10.00000000 18.67830658 33.77317429
   16.3002 15.97638893 10.00000000 15.93295288 37.35098648
   16.3202 15.63970470 10.00000000 12.31630039 39.76626968
   16.3402 14.67883301 10.00000000 8.393512726 40.77676010
   16.3602 13.20394611 10.00000000 4.740397930 40.46821594
   16.3802 11.39384460 10.00000000 1.756377935 39.17055511
   16.4002 9.444853783 10.00000000 -0.4075896740 37.29314423
   16.4202 7.526548386 10.00000000 -1.804061174 35.18608475
   16.4402 5.758306503 10.00000000 -2.593501568 33.08051682
   16.4602 4.206413269 10.00000000 -2.960711479 31.09527969
   16.4802 2.893597126 10.00000000 -3.067441940 29.27218246
   16.5002 1.812614322 10.00000000 -3.036175489 27.61149025
   16.5202 0.9387240410 10.00000000 -2.951389313 26.09653664
   16.5402 0.2390605807 10.00000000 -2.867460728 24.70721054
   16.5602 -0.3212134838 10.00000000 -2.817432880 23.42585754
   16.5802 -0.7753425837 10.00000000 -2.820414305 22.23904419
   16.6002 -1.153240442 10.00000000 -2.887146950 21.13750076
   16.6202 -1.480931997 10.00000000 -3.023941278 20.11549950
   16.6402 -1.780697465 10.00000000 -3.235343218 19.17027283
   16.6602 -2.071590185 10.00000000 -3.525871277 18.30167389
   16.6802 -2.370115280 10.00000000 -3.901085615 17.51214027
   16.7002 -2.690935135 10.00000000 -4.368164539 16.80696869
   16.7202 -3.047514915 10.00000000 -4.936081886 16.19489098
   16.7402 -3.452645779 10.00000000 -5.615386009 15.68896198
   16.7602 -3.918790340 10.00000000 -6.417496204 15.30775070
   16.7802 -4.458174229 10.00000000 -7.353309155 15.07680702
   16.8002 -5.082515717 10.00000000 -8.430794716 15.03027153
   16.8202 -5.802233696 10.00000000 -9.651137352 15.21228123
   16.8402 -6.624924660 10.00000000 -11.00292778 15.67747116
   16.8602 -7.552850246 10.00000000 -12.45410442 16.48926735
   16.8802 -8.579250336 10.00000000 -13.94199848 17.71393967
   16.9002 -9.683516502 10.00000000 -15.36343193 19.40786362
   16.9202 -10.82586384 10.00000000 -16.56941986 21.59593201
   16.9402 -11.94311810 10.00000000 -17.37210655 24.24213791
   16.9602 -12.94842148 10.00000000 -17.57247162 27.21994400
   16.9802 -13.73819160 10.00000000 -17.01184845 30.29859543
   17.0002 -14.20830059 10.00000000 -15.63573837 33.16492844
   17.0202 -14.27739334 10.00000000 -13.54088783 35.48901367
   17.0402 -13.90999508 10.00000000 -10.97251320 37.01513290
   17.0602 -13.12941551 10.00000000 -8.261105537 37.63536453
   17.0802 -12.01380920 10.00000000 -5.726053238 37.40679169
   17.1002 -10.67679596 10.00000000 -3.594413519 36.50743103
   17.1202 -9.241289139 10.00000000 -1.968606472 35.16194153
   17.1402 -7.816630363 10.00000000 -0.8427267075 33.57670975
   17.1602 -6.485096931 10.00000000 -0.1436635703 31.90570068
   17.1802 -5.298342705 10.00000000 0.2277625799 30.24558258
   17.2002 -4.280803204 10.00000000 0.3684868515 28.64726448
   17.2202 -3.436332703 10.00000000 0.3590820134 27.13171196
   17.2402 -2.755285263 10.00000000 0.2597750425 25.70328140
   17.2602 -2.220533848 10.00000000 0.1119196266 24.35865402
   17.2802 -1.811935425 10.00000000 -0.5840483308E-01 23.09187889
   17.3002 -1.509302378 10.00000000 -0.2365033478 21.89680862
   17.3202 -1.294174194 10.00000000 -0.4156913161 20.76802826
   17.3402 -1.150721669 10.00000000 -0.5946794748 19.70107460
   17.3602 -1.066079497 10.00000000 -0.7757000327 18.69236183
   17.3802 -1.030334115 10.00000000 -0.9632593393 17.73905182
   17.4002 -1.036331534 10.00000000 -1.163380384 16.83895302
   17.4202 -1.079416037 10.00000000 -1.383212447 15.99048805
   17.4402 -1.157169342 10.00000000 -1.630905509 15.19273853
   17.4602 -1.269191146 10.00000000 -1.915673018 14.44556999
   17.4802 -1.416943431 10.00000000 -2.247984409 13.74985790
   17.5002 -1.603665352 10.00000000 -2.639842987 13.10783958
   17.5202 -1.834357858 10.00000000 -3.105105877 12.52362633
   17.5402 -2.115829468 10.00000000 -3.659798145 12.00395107
   17.5602 -2.456782103 10.00000000 -4.322340012 11.55922508
   17.5802 -2.867903471 10.00000000 -5.113558769 11.20502090
   17.6002 -3.361904144 10.00000000 -6.056254864 10.96410179
   17.6202 -3.953393459 10.00000000 -7.173935413 10.86910248
   17.6402 -4.658414841 10.00000000 -8.488087654 10.96586132
   17.6602 -5.493351460 10.00000000 -10.01304626 11.31711102
   17.6802 -6.472762108 10.00000000 -11.74717331 12.00559044
   17.7002 -7.605548859 10.00000000 -13.65900230 13.13439941
   17.7202 -8.888798714 10.00000000 -15.66784668 14.82046223
   17.7402 -10.29894352 10.00000000 -17.62134361 17.17475128
   17.7602 -11.78096581 10.00000000 -19.27878571 20.26246452
   17.7802 -13.23871040 10.00000000 -20.31834221 24.04212189
   17.8002 -14.53258133 10.00000000 -20.39166451 28.29966354
   17.8202 -15.49283123 10.00000000 -19.23624611 32.61884308
   17.8402 -15.95322323 10.00000000 -16.81372833 36.43984985
   17.8602 -15.79866314 10.00000000 -13.39256096 39.22042084
   17.8802 -15.00689888 10.00000000 -9.495359421 40.63183212
   17.9002 -13.66129017 10.00000000 -5.716743469 40.66973114
   17.9202 -11.92611217 10.00000000 -2.518879414 39.61031342
   17.9402 -9.997836113 10.00000000 -0.1223073006 37.85714722
   17.9602 -8.056894302 10.00000000 1.477000833 35.78654480
   17.9802 -6.237845421 10.00000000 2.418748140 33.66463470
   18.0002 -4.621332169 10.00000000 2.887205601 31.63890266
   18.0202 -3.241044044 10.00000000 3.053299427 29.76897240
   18.0402 -2.096833467 10.00000000 3.050928831 28.06383324
   18.0602 -1.167814851 10.00000000 2.974609375 26.50982475
   18.0802 -0.4226763248 10.00000000 2.886285305 25.08697319
   18.1002 0.1733077765 10.00000000 2.824187279 23.77663803
   18.1202 0.6540607214 10.00000000 2.810711384 22.56416130
   18.1402 1.050523043 10.00000000 2.858496189 21.43915176
   18.1602 1.389816999 10.00000000 2.974782944 20.39494896
   18.1802 1.695230722 10.00000000 3.164402723 19.42799187
   18.2002 1.986656904 10.00000000 3.431745768 18.53740311
   18.2202 2.281241417 10.00000000 3.781998396 17.72486305
   18.2402 2.594092369 10.00000000 4.221845627 16.99480057
   18.2602 2.938948631 10.00000000 4.759758472 16.35488129
   18.2802 3.328744411 10.00000000 5.405893326 15.81680489
   18.3002 3.776012182 10.00000000 6.171541691 15.39741230
   18.3202 4.293056011 10.00000000 7.067964077 15.12008190
   18.3402 4.891798973 10.00000000 8.104318619 15.01632309
   18.3602 5.583161831 10.00000000 9.284272194 15.12729645
   18.3802 6.375775337 10.00000000 10.60079861 15.50468254
   18.4002 7.273777008 10.00000000 12.02876949 16.20979118
   18.4202 8.273471832 10.00000000 13.51543045 17.30909538
   18.4402 9.358800888 10.00000000 14.97013092 18.86370659
   18.4602 10.49603367 10.00000000 16.25703049 20.91043091
   18.4802 11.62899113 10.00000000 17.19756889 23.43415642
   18.5002 12.67726898 10.00000000 17.59146881 26.33694839
   18.5202 13.54079056 10.00000000 17.26180267 29.41766167
   18.5402 14.11332226 10.00000000 16.11763000 32.38179398
   18.5602 14.30428886 10.00000000 14.20965099 34.89506531
   18.5802 14.06297207 10.00000000 11.74444103 36.67084885
   18.6002 13.39533424 10.00000000 9.037487030 37.55374527
   18.6202 12.36518955 10.00000000 6.421587467 37.55547714
   18.6402 11.07860947 10.00000000 4.156404495 36.82647324
   18.6602 9.658580780 10.00000000 2.380497456 35.58587265
   18.6802 8.220291138 10.00000000 1.115479589 34.05052185
   18.7002 6.854638577 10.00000000 0.3029240370 32.39120102
   18.7202 5.622013569 10.00000000 -0.1525229216 30.72041321
   18.7402 4.554094315 10.00000000 -0.3505585194 29.10064507
   18.7602 3.659908533 10.00000000 -0.3772979677 27.55992317
   18.7802 2.932999372 10.00000000 -0.2988860607 26.10625076
   18.8002 2.357844591 10.00000000 -0.1618184000 24.73782730
   18.8202 1.914781928 10.00000000 0.3818362951E-02 23.44910049
   18.8402 1.583388448 10.00000000 0.1804168373 22.23381996
   18.8602 1.344563007 10.00000000 0.3592799008 21.08630371
   18.8802 1.181647778 10.00000000 0.5377787948 20.00180626
   18.9002 1.080898404 10.00000000 0.7172737122 18.97649193
   18.9202 1.031550765 10.00000000 0.9016985893 18.00731087
   18.9402 1.025666475 10.00000000 1.096675396 17.09188271
   18.9602 1.057882071 10.00000000 1.309028506 16.22843742
   18.9802 1.125141621 10.00000000 1.546591163 15.41583920
   19.0002 1.226462364 10.00000000 1.818220139 14.65368652
   19.0202 1.362757921 10.00000000 2.133955479 13.94250202
   19.0402 1.536732197 10.00000000 2.505277634 13.28404045
   19.0602 1.752844334 10.00000000 2.945420742 12.68174744
   19.0802 2.017337799 10.00000000 3.469695807 12.14142036
   19.1002 2.338317871 10.00000000 4.095759392 11.67215919
   19.1202 2.725848436 10.00000000 4.843713284 11.28770065
   19.1402 3.192018032 10.00000000 5.735848904 11.00826359
   19.1602 3.750882864 10.00000000 6.795701027 10.86301708
   19.1802 4.418138504 10.00000000 8.045874596 10.89322758
   19.2002 5.210265636 10.00000000 9.503801346 11.15590191
   19.2202 6.142766476 10.00000000 11.17423916 11.72726440
   19.2402 7.226933479 10.00000000 13.03712845 12.70434666
   19.2603 8.464489937 10.00000000 15.02985954 14.20125008
   19.2803 9.839583397 10.00000000 17.02515221 16.33437157
   19.3003 11.30839729 10.00000000 18.81096840 19.18949127
   19.3203 12.78855515 10.00000000 20.08756256 22.76678467
   19.3403 14.15357208 10.00000000 20.50473404 26.91305161
   19.3603 15.24034405 10.00000000 19.75690651 31.27455521
   19.3803 15.87640476 10.00000000 17.72044945 35.32300949
   19.4003 15.92481232 10.00000000 14.56484795 38.48752213
   19.4203 15.33055401 10.00000000 10.74793053 40.35226822
   19.4403 14.14450455 10.00000000 6.866628647 40.80698776
   19.4603 12.51012516 10.00000000 3.444209099 40.05284882
   19.4803 10.61975288 10.00000000 0.7819414139 38.47274780
   19.5003 8.663532257 10.00000000 -1.060862780 36.46552658
   19.5203 6.792614460 10.00000000 -2.192170620 34.33665466
   19.5403 5.104606628 10.00000000 -2.790689468 32.26914215
   19.5603 3.646805763 10.00000000 -3.035908937 30.34623146
   19.5803 2.428242683 10.00000000 -3.074673891 28.58924484
   19.6003 1.433263540 10.00000000 -3.013613224 26.98929596
   19.6203 0.6328781247 10.00000000 -2.924099922 25.52715874
   19.6403 -0.7197319996E-02 10.00000000 -2.850973845 24.18324661
   19.6603 -0.5215145350 10.00000000 -2.820910454 22.94150352
   19.6803 -0.9421489239 10.00000000 -2.849096537 21.79021263
   19.7003 -1.297503948 10.00000000 -2.944107294 20.72160721
   19.7203 -1.612084866 10.00000000 -3.111290455 19.73122215
   19.7403 -1.906825304 10.00000000 -3.355023384 18.81739044
   19.7603 -2.199691296 10.00000000 -3.680154324 17.98102570
   19.7803 -2.506384611 10.00000000 -4.092855930 17.22571373
   19.8003 -2.841031551 10.00000000 -4.601029873 16.55811119
   19.8203 -3.216785192 10.00000000 -5.214323521 15.98864746
   19.8403 -3.646282911 10.00000000 -5.943721294 15.53254128
   19.8603 -4.141895294 10.00000000 -6.800579548 15.21110821
   19.8803 -4.715681076 10.00000000 -7.794852257 15.05331039
   19.9003 -5.378919601 10.00000000 -8.932131767 15.09732628
   19.9203 -6.141039371 10.00000000 -10.20902634 15.39167881
   19.9403 -7.007709980 10.00000000 -11.60643005 15.99498653
   19.9603 -7.977854252 10.00000000 -13.08057499 16.97274208
   19.9803 -9.039458275 10.00000000 -14.55277920 18.38880920
   20.0003 -10.16442871 10.00000000 -15.90081024 20.28911591
