 1.000000000 1.000000000 1.000000000
 1.000000000 1.259999990 0.9833333492
 1.026000023 1.517566681 0.9697111249
 1.075156689 1.779721737 0.9594224095
 1.145613194 2.052653074 0.9529725909
 1.236317158 2.341980934 0.9510754347
 1.346883535 2.652971745 0.9546677470
 1.477492332 2.990711212 0.9649423957
 1.628814220 3.360244989 0.9833981395
 1.801957250 3.766692638 1.011906385
 1.998430729 4.215339661 1.052796364
 2.220121622 4.711707592 1.108962417
 2.469280243 5.261604309 1.183995724
 2.748512745 5.871150494 1.282346249
 3.060776472 6.546777248 1.409519672
 3.409376621 7.295184612 1.572314739
 3.797957420 8.123251915 1.779106617
 4.230486870 9.037878036 2.040181398
 4.711225986 10.04572582 2.368122816
 5.244676113 11.15284443 2.778249741
 5.835493088 12.36411476 3.289093494
 6.488355160 13.68247700 3.922891378
 7.207767487 15.10786057 4.706048489
 7.997776985 16.63575554 5.669493198
 8.861575127 18.25534248 6.848797321
 9.800951958 19.94711876 8.283873558
 10.81556892 21.68001556 10.01797771
 11.90201378 23.40807343 12.09564877
 13.05261993 25.06693077 14.55912971
 14.25405121 26.57064629 17.44277763
 15.48571110 27.80977249 20.76502991
 16.71811676 28.65206146 24.51783752
 17.91151047 28.94769287 28.65411377
 19.01512909 28.54105377 33.07497406
 19.96772194 27.29063034 37.62009430
 20.70001221 25.09680939 42.06620789
 21.13969231 21.93413544 46.13948441
 21.21913719 17.88016319 49.54590607
 20.88524055 13.12950611 52.01869965
 20.10966682 7.981848240 53.37366486
 18.89688492 2.799470425 53.55548859
 17.28714371 -2.057715416 52.65635681
 15.35265732 -6.299518108 50.89646530
 13.18743992 -9.751738548 48.57208252
 10.89352226 -12.36715221 45.99082184
 8.567455292 -14.20331478 43.41718292
 6.290378571 -15.38214207 41.04253006
 4.123126984 -16.04874420 38.98046875
 2.105939865 -16.34099579 37.27927780
 0.2612463236 -16.37300110 35.94103241
 -1.402178288 -16.23001671 34.93983078
 -2.884962082 -15.97040749 34.23567581
 -4.193506718 -15.63080692 33.78346634
 -5.337236881 -15.23196888 33.53805161
 -6.326709747 -14.78407001 33.45666885
 -7.172445774 -14.29100132 33.49983597
 -7.884301186 -13.75361824 33.63152313
 -8.471232414 -13.17207623 33.81905746
 -8.941316605 -12.54741001 34.03305435
 -9.301925659 -11.88250160 34.24740982
 -9.559983253 -11.18254757 34.43944550
 -9.722239494 -10.45511246 34.59011078
 -9.795526505 -9.709855080 34.68417740
 -9.786959648 -8.958005905 34.71039581
 -9.704064369 -8.211682320 34.66150284
 -9.554825783 -7.483129025 34.53406143
 -9.347656250 -6.783979416 34.32815170
 -9.091288567 -6.124605656 34.04687881
 -8.794620514 -5.513620377 33.69576645
 -8.466520309 -4.957563400 33.28211594
 -8.115624428 -4.460776329 32.81432724
 -7.750139713 -4.025455952 32.30130005
 -7.377671242 -3.651844501 31.75191116
 -7.005088806 -3.338522434 31.17461395
 -6.638432026 -3.082752705 30.57715797
 -6.282864094 -2.880842209 29.96641350
 -5.942661762 -2.728486776 29.34830856
 -5.621244431 -2.621076584 28.72783089
 -5.321227551 -2.553952694 28.10909271
 -5.044499874 -2.522608042 27.49541855
 -4.792310715 -2.522835493 26.88945961
 -4.565363407 -2.550827742 26.29331017
 -4.363909721 -2.603235960 25.70861053
 -4.187842369 -2.677197695 25.13665009
 -4.036777973 -2.770338297 24.57845688
 -3.910134077 -2.880754948 24.03486443
 -3.807196140 -3.006989479 23.50657654
 -3.727175474 -3.147993088 22.99421692
 -3.669257164 -3.303087473 22.49836922
 -3.632640123 -3.471925497 22.01961136
 -3.616568565 -3.654452324 21.55854416
 -3.620357037 -3.850867510 21.11581612
 -3.643408060 -4.061590672 20.69214249
 -3.685226440 -4.287230015 20.28833199
 -3.745426893 -4.528550148 19.90530396
 -3.823739290 -4.786445618 19.54410934
 -3.920009851 -5.061912537 19.20595360
 -4.034200191 -5.356020927 18.89222145
 -4.166382313 -5.669886589 18.60450172
 -4.316732883 -6.004640102 18.34461021
 -4.485523701 -6.361391068 18.11462402
 -4.673110485 -6.741188049 17.91690826
 -4.879918098 -7.144969940 17.75414658
 -5.106423378 -7.573509693 17.62937164
 -5.353132248 -8.027342796 17.54598999
 -5.620553493 -8.506686211 17.50781059
 -5.909166813 -9.011338234 17.51905823
 -6.219383717 -9.540560722 17.58437920
 -6.551501274 -10.09294224 17.70882607
 -6.905645370 -10.66623878 17.89782906
 -7.281704903 -11.25719643 18.15712547
 -7.679254055 -11.86135387 18.49265099
 -8.097463608 -12.47283363 18.91037750
 -8.535000801 -13.08413410 19.41608429
 -8.989913940 -13.68593025 20.01505280
 -9.459515572 -14.26691055 20.71167183
 -9.940255165 -14.81368160 21.50894165
 -10.42759800 -15.31077290 22.40788841
 -10.91591549 -15.74078846 23.40689087
 -11.39840317 -16.08476067 24.50095749
 -11.86703873 -16.32274818 25.68100357
 -12.31260967 -16.43471718 26.93320274
 -12.72482014 -16.40172005 28.23852730
 -13.09251022 -16.20734978 29.57258987
 -13.40399456 -15.83938503 30.90593719
 -13.64753342 -15.29147911 32.20488739
 -13.81192780 -14.56470108 33.43299866
 -13.88720512 -13.66865253 34.55311966
 -13.86534977 -12.62192059 35.52989578
 -13.74100685 -11.45165539 36.33250427
 -13.51207161 -10.19216919 36.93721008
 -13.18008137 -8.882645607 37.32939148
 -12.75033760 -7.564197540 37.50468063
 -12.23172379 -6.276676655 37.46901703
 -11.63621902 -5.055685997 37.23759079
 -10.97816563 -3.930222988 36.83287811
 -10.27337170 -2.921232700 36.28213501
 -9.538157463 -2.041165829 35.61471939
 -8.788457870 -1.294450283 34.85968399
 -8.039056778 -0.6786453724 34.04385376
 -7.303015709 -0.1859900951 33.19057465
 -6.591313362 0.1949382722 32.31907654
 -5.912688255 0.4776727557 31.44438553
 -5.273652077 0.6765518188 30.57762527
 -4.678631783 0.8057212830 29.72654343
 -4.130196571 0.8784426451 28.89613914
 -3.629332542 0.9066705108 28.08929443
 -3.175732136 0.9008445740 27.30734062
 -2.768074512 0.8698391318 26.55053711
 -2.404283047 0.8210185170 25.81844521
 -2.081753016 0.7603575587 25.11021423
 -1.797541976 0.6925957799 24.42477989
 -1.548528194 0.6214037538 23.76100349
 -1.331534982 0.5495476723 23.11775398
 -1.143426657 0.4790433943 22.49396324
 -0.9811796546 0.4112954736 21.88864708
 -0.8419321775 0.3472191691 21.30091476
 -0.7230170369 0.2873452306 20.72996712
 -0.6219807863 0.2319082022 20.17509079
 -0.5365918875 0.1809196919 19.63564682
 -0.4648407102 0.1342280507 19.11105919
 -0.4049338400 0.9156635404E-01 18.60080719
 -0.3552838266 0.5259018019E-01 18.10441399
 -0.3144964278 0.1690686122E-01 17.62144279
 -0.2813560963 -0.1590239629E-01 17.15148354
 -0.2548107207 -0.4626633227E-01 16.69415474
 -0.2339562774 -0.7461217046E-01 16.24909592
 -0.2180218697 -0.1013580263 15.81596088
 -0.2063554823 -0.1269083172 15.39442253
 -0.1984107643 -0.1516515315 14.98416615
 -0.1937348396 -0.1759598255 14.58488941
 -0.1919573396 -0.2001899630 14.19629955
 -0.1927805990 -0.2246852815 13.81811619
 -0.1959710717 -0.2497783452 13.45006657
 -0.2013517916 -0.2757942080 13.09188747
 -0.2087960392 -0.3030540049 12.74332619
 -0.2182218283 -0.3318787813 12.40413666
 -0.2295875251 -0.3625935614 12.07408428
 -0.2428881228 -0.3955315351 11.75294113
 -0.2581524551 -0.4310383797 11.44048977
 -0.2754410505 -0.4694767594 11.13652229
 -0.2948446274 -0.5112309456 10.84084129
 -0.3164832592 -0.5567114949 10.55325985
 -0.3405060768 -0.6063603759 10.27360153
 -0.3670915067 -0.6606562138 10.00170326
 -0.3964479864 -0.7201198936 9.737416267
 -0.4288151860 -0.7853203416 9.480607033
 -0.4644657075 -0.8568811417 9.231158257
 -0.5037072301 -0.9354871511 8.988973618
 -0.5468851924 -1.021892190 8.753979683
 -0.5943858624 -1.116926908 8.526128769
 -0.6466399431 -1.221507549 8.305404663
 -0.7041267157 -1.336645603 8.091825485
 -0.7673785686 -1.463457942 7.885455132
 -0.8369864821 -1.603178024 7.686406612
 -0.9136056304 -1.757168293 7.494853973
 -0.9979618788 -1.926932812 7.311044693
 -1.090858936 -2.114131451 7.135313511
 -1.193186164 -2.320594549 6.968100548
 -1.305927038 -2.548338413 6.809973717
 -1.430168152 -2.799581289 6.661653996
 -1.567109466 -3.076759815 6.524048805
 -1.718074560 -3.382543802 6.398290157
 -1.884521484 -3.719851971 6.285783768
 -2.068054438 -4.091862679 6.188264370
 -2.270435333 -4.502022743 6.107865810
 -2.493594170 -4.954049110 6.047204971
 -2.739639759 -5.451922417 6.009480000
 -3.010868073 -5.999864101 5.998590469
 -3.309767723 -6.602298737 6.019276142
 -3.639020920 -7.263786793 6.077282906
 -4.001497269 -7.988921165 6.179552555
 -4.400239468 -8.782176971 6.334441185
 -4.838433266 -9.647691727 6.551959515
 -5.319359303 -10.58896351 6.844037533
 -5.846319675 -11.60843563 7.224794865
 -6.422531128 -12.70693588 7.710799694
 -7.050971508 -13.88294697 8.321285248
 -7.734169006 -15.13165855 9.078267097
 -8.473917961 -16.44378090 10.00648785
 -9.270904541 -17.80409813 11.13308048
 -10.12422371 -19.18977356 12.48679924
 -11.03077888 -20.56846619 14.09663391
 -11.98454762 -21.89643097 15.98958588
 -12.97573566 -23.11685944 18.18738556
 -13.98984814 -24.15894890 20.70197105
 -15.00675774 -24.93834305 23.52971840
 -15.99991608 -25.35980415 26.64469528
 -16.93590546 -25.32305336 29.99171829
 -17.77462006 -24.73250771 33.48062897
 -18.47040939 -23.51102257 36.98392105
 -18.97447014 -21.61654472 40.34026337
 -19.23867798 -19.05887985 43.36614609
 -19.22069740 -15.91204739 45.87639236
 -18.88983154 -12.31695938 47.71142960
 -18.23254395 -8.470334053 48.76577759
 -17.25632286 -4.599501610 49.00971222
 -15.99064064 -0.9280030727 48.49649048
 -14.48437691 2.358797073 47.35164261
 -12.80005932 5.138174057 45.74727631
 -11.00623608 7.358454227 43.86965942
 -9.169767380 9.031521797 41.88991165
 -7.349638462 10.21487904 39.94467926
 -5.593186855 10.99062061 38.12873077
 -3.934806108 11.44723320 36.49723816
 -2.396602154 11.66711044 35.07355118
 -0.9902309179 11.71996403 33.85864258
 0.2807885408 11.66077805 32.83969116
 1.418787479 11.53058052 31.99670792
 2.429966927 11.35857010 31.30705643
 3.322827339 11.16462421 30.74821091
 4.107007027 10.96165943 30.29924011
 4.792472363 10.75761318 29.94145584
 5.388986588 10.55699348 29.65857315
 5.905787468 10.36204338 29.43659210
 6.351413250 10.17358112 29.26357651
 6.733630180 9.991590500 29.12938118
 7.059426308 9.815626144 29.02539444
 7.335046291 9.645082474 28.94431114
 7.566050053 9.479366302 28.87993431
 7.757381439 9.317996025 28.82701683
 7.913443089 9.160661697 28.78112793
 8.038165092 9.007241249 28.73855400
 8.135072708 8.857802391 28.69620895
 8.207345963 8.712587357 28.65156555
 8.257869720 8.571985245 28.60259628
 8.289280891 8.436503410 28.54772377
 8.304002762 8.306735992 28.48577690
 8.304276466 8.183329582 28.41594696
 8.292181969 8.066954613 28.33775520
 8.269659042 7.958277702 28.25100899
 8.238520622 7.857937336 28.15577126
 8.200462341 7.766524792 28.05232811
 8.157068253 7.684568405 27.94115639
 8.109818459 7.612522602 27.82289505
 8.060089111 7.550760269 27.69831276
 8.009156227 7.499568939 27.56828880
 7.958197594 7.459149837 27.43378639
 7.908292770 7.429618835 27.29583168
 7.860425472 7.411010265 27.15549850
 7.815484047 7.403281689 27.01388931
 7.774263859 7.406318188 26.87212181
 7.737469196 7.419939041 26.73131943
 7.705716133 7.443903446 26.59259987
 7.679534912 7.477914810 26.45706940
 7.659372807 7.521625519 26.32581711
 7.645597935 7.574641228 26.19990540
 7.638502121 7.636522770 26.08036804
 7.638304234 7.706788540 25.96820831
 7.645152569 7.784914970 25.86439133
 7.659128666 7.870336533 25.76984215
 7.680249214 7.962443829 25.68544579
 7.708468437 8.060583115 25.61203575
 7.743680000 8.164052963 25.55039597
 7.785717487 8.272102356 25.50124931
 7.834355831 8.383927345 25.46525764
 7.889312744 8.498668671 25.44301033
 7.950248241 8.615410805 25.43501663
 8.016764641 8.733179092 25.44169617
 8.088405609 8.850940704 25.46336937
 8.164659500 8.967604637 25.50024605
 8.244954109 9.082024574 25.55241394
 8.328660965 9.193006516 25.61982536
 8.415095329 9.299313545 25.70228386
 8.503517151 9.399675369 25.79943657
 8.593132973 9.492803574 25.91075516
 8.683099747 9.577406883 26.03553009
 8.772530556 9.652209282 26.17286491
 8.860498428 9.715972900 26.32166481
 8.946045876 9.767521858 26.48063660
 9.028193474 9.805769920 26.64829254
 9.105951309 9.829747200 26.82295609
 9.178331375 9.838630676 27.00276947
 9.244360924 9.831773758 27.18571854
 9.303102493 9.808731079 27.36964989
 9.353665352 9.769286156 27.55230904
 9.395227432 9.713468552 27.73136711
 9.427051544 9.641572952 27.90446663
 9.448503494 9.554162979 28.06926346
 9.459069252 9.452076912 28.22347450
 9.458370209 9.336417198 28.36492729
 9.446174622 9.208537102 28.49160194
 9.422410965 9.070014000 28.60168076
 9.387170792 8.922620773 28.69358253
 9.340715408 8.768286705 28.76600266
 9.283472061 8.609053612 28.81793022
 9.216030121 8.447031021 28.84867096
 9.139130592 8.284346581 28.85785484
 9.053651810 8.123102188 28.84542847
 8.960597038 7.965329170 28.81165504
 8.861070633 7.812946796 28.75708580
 8.756258011 7.667731285 28.68254089
 8.647405624 7.531289101 28.58907890
 8.535794258 7.405035973 28.47796440
 8.422718048 7.290187359 28.35062981
 8.309465408 7.187752724 28.20864487
 8.197294235 7.098537922 28.05367851
 8.087418556 7.023152351 27.88746834
 7.980991840 6.962021828 27.71179390
 7.879095078 6.915403366 27.52845192
 7.782725811 6.883402824 27.33923149
 7.692793369 6.865994453 27.14590073
 7.610113621 6.863038540 26.95019722
 7.535406113 6.874299526 26.75381088
 7.469295502 6.899461746 26.55838203
 7.412312031 6.938145638 26.36549950
 7.364895344 6.989918232 26.17669678
 7.327397823 7.054303646 25.99345207
 7.300088406 7.130788326 25.81719017
 7.283158302 7.218827248 25.64928627
 7.276725292 7.317845345 25.49106407
 7.280837059 7.427235126 25.34380150
 7.295476913 7.546356201 25.20873260
 7.320564747 7.674529076 25.08704185
 7.355961323 7.811028957 24.97987366
 7.401468277 7.955078125 24.88831902
 7.456829071 8.105837822 24.81342316
 7.521729946 8.262396812 24.75617027
 7.595796585 8.423765182 24.71748161
 7.678593636 8.588860512 24.69820023
 7.769620419 8.756504059 24.69908524
 7.868309021 8.925407410 24.72079086
 7.974019051 9.094171524 24.76384926
 8.086034775 9.261281013 24.82865143
 8.203559875 9.425104141 24.91542435
 8.325714111 9.583898544 25.02420616
 8.451532364 9.735816002 25.15482140
 8.579960823 9.878918648 25.30685234
 8.709856987 10.01120090 25.47961044
 8.839991570 10.13061142 25.67211533
 8.969053268 10.23509026 25.88306999
 9.095657349 10.32260799 26.11084557
 9.218352318 10.39121246 26.35346603
 9.335638046 10.43908405 26.60860634
 9.445982933 10.46458912 26.87359810
 9.547843933 10.46634293 27.14545250
 9.639694214 10.44327068 27.42088318
 9.720051765 10.39466286 27.69635963
 9.787512779 10.32023048 27.96815681
 9.840784073 10.22014523 28.23243332
 9.878720284 10.09507084 28.48531151
 9.900355339 9.946177483 28.72296715
 9.904937744 9.775139809 28.94172859
 9.891958237 9.584111214 29.13817024
 9.861173630 9.375682831 29.30920792
 9.812624931 9.152822495 29.45218086
 9.746644974 8.918797493 29.56492233
 9.663860321 8.677082062 29.64580727
 9.565182686 8.431262970 29.69379425
 9.451790810 8.184935570 29.70842552
 9.325105667 7.941609383 29.68982315
 9.186756134 7.704615593 29.63865852
 9.038541794 7.477029800 29.55609894
 8.882390976 7.261610985 29.44375038
 8.720313072 7.060755253 29.30358887
 8.554357529 6.876470566 29.13788033
 8.386569023 6.710367680 28.94910812
 8.218949318 6.563666344 28.73990059
 8.053421021 6.437217712 28.51296806
 7.891800880 6.331533909 28.27103806
 7.735774040 6.246828556 28.01681519
 7.586879730 6.183059692 27.75294113
 7.446497917 6.139973164 27.48196411
 7.315845490 6.117148876 27.20632553
 7.195975780 6.114041328 26.92834473
 7.087782383 6.130016804 26.65022087
 6.992005825 6.164386272 26.37403107
 6.909244061 6.216430187 26.10173798
 6.839962482 6.285421371 25.83519936
 6.784508228 6.370638847 25.57618141
 6.743121147 6.471376419 25.32636642
 6.715946674 6.586948872 25.08736992
 6.703046799 6.716690063 24.86075020
 6.704411030 6.859948635 24.64801979
 6.719964981 7.016079903 24.45065880
 6.749576569 7.184433460 24.27011871
 6.793062210 7.364340305 24.10783386
 6.850190163 7.555094242 23.96522331
 6.920680523 7.755933285 23.84368896
 7.004205704 7.966019154 23.74462128
 7.100387096 8.184414864 23.66938782
 7.208789825 8.410060883 23.61932945
 7.328917027 8.641753197 23.59574509
 7.460200787 8.878119469 23.59987259
 7.601992607 9.117596626 23.63286781
 7.753552914 9.358409882 23.69577789
 7.914038658 9.598555565 23.78949928
 8.082489967 9.835790634 23.91474533
 8.257820129 10.06762314 24.07199478
 8.438800812 10.29131413 24.26144028
 8.624052048 10.50389099 24.48293114
 8.812035561 10.70216560 24.73591423
 9.001049042 10.88277626 25.01936913
 9.189221382 11.04223633 25.33174896
 9.374523163 11.17700577 25.67093086
 9.554771423 11.28357506 26.03416443
 9.727651596 11.35857010 26.41803932
 9.890743256 11.39887238 26.81847954
 10.04155636 11.40174484 27.23075294
 10.17757511 11.36497211 27.64951134
 10.29631519 11.28699398 28.06887054
 10.39538288 11.16703320 28.48251152
 10.47254753 11.00520420 28.88383293
 10.52581310 10.80259228 29.26612282
 10.55349064 10.56129646 29.62275314
 10.55427170 10.28442669 29.94739914
 10.52728748 9.976048470 30.23424721
 10.47216320 9.641082764 30.47820854
 10.38905525 9.285149574 30.67508698
 10.27866459 8.914381981 30.82172394
 10.14223671 8.535202980 30.91609001
 9.981533051 8.154094696 30.95732117
 9.798789024 7.777367592 30.94569588
 9.596647263 7.410951614 30.88256454
 9.378077507 7.060212612 30.77023315
 9.146290779 6.729815960 30.61180496
 8.904643059 6.423634529 30.41101837
 8.656541824 6.144705772 30.17206001
 8.405358315 5.895233631 29.89939117
 8.154345512 5.676630497 29.59758949
 7.906574249 5.489591122 29.27121162
 7.664875984 5.334186077 28.92468452
 7.431807041 5.209968090 28.56221771
 7.209623337 5.116085529 28.18775368
 7.000269413 5.051388264 27.80493164
 6.805381298 5.014529705 27.41707802
 6.626296043 5.004054546 27.02721405
 6.464071751 5.018473625 26.63807106
 6.319511890 5.056324959 26.25212097
 6.193193436 5.116219044 25.87159920
 6.085495949 5.196872711 25.49854660
 5.996633530 5.297129631 25.13484001
 5.926682949 5.415971279 24.78222656
 5.875611782 5.552518845 24.44235420
 5.843302727 5.706027031 24.11680222
 5.829575062 5.875873566 23.80710793
 5.834204674 6.061542511 23.51478958
 5.856938362 6.262603283 23.24137115
 5.897504807 6.478687286 22.98839760
 5.955623150 6.709459782 22.75745392
 6.031006813 6.954591274 22.55017853
 6.123365402 7.213724613 22.36827278
 6.232401371 7.486438751 22.21350861
 6.357805252 7.772211552 22.08773422
 6.499245644 8.070380211 21.99287033
 6.656359196 8.380094528 21.93090820
 6.828732491 8.700274467 21.90389252
 7.015886784 9.029558182 21.91390800
 7.217253685 9.366255760 21.96304131
 7.432153702 9.708295822 22.05334663
 7.659768105 10.05317688 22.18679237
 7.899108887 10.39792347 22.36519432
 8.148990631 10.73904324 22.59013176
 8.407996178 11.07250214 22.86285210
 8.674447060 11.39370823 23.18415070
 8.946372986 11.69751930 23.55424881
 9.221487999 11.97827721 23.97263908
 9.497166634 12.22987747 24.43794441
 9.770437241 12.44587326 24.94775772
 10.03798103 12.61963177 25.49850082
 10.29614639 12.74453545 26.08529663
 10.54098511 12.81423092 26.70188522
 10.76830959 12.82292271 27.34058189
 10.97377110 12.76570129 27.99231148
 11.15296364 12.63888836 28.64672852
 11.30155563 12.44037056 29.29242706
 11.41543674 12.16990280 29.91725159
 11.49088287 11.82934093 30.50870514
 11.52472878 11.42277527 31.05443573
 11.51453304 10.95653248 31.54276085
 11.45873260 10.43903446 31.96321487
 11.35676289 9.880510330 32.30704498
 11.20913792 9.292564392 32.56763077
 11.01748085 8.687646866 32.74077606
 10.78449726 8.078455925 32.82484818
 10.51389313 7.477335930 32.82073975
 10.21023750 6.895715237 32.73167801
 9.878785133 6.343642712 32.56290054
 9.525270462 5.829447269 32.32123184
 9.155688286 5.359543800 32.01460266
 8.776073456 4.938384056 31.65158272
 8.392304420 4.568534851 31.24093628
 8.009927750 4.250860214 30.79125023
 7.634020805 3.984774590 30.31064034
 7.269096375 3.768532038 29.80655479
 6.919039726 3.599526405 29.28565216
 6.587088585 3.474576473 28.75375366
 6.275837421 3.390180349 28.21586037
 5.987271786 3.342731476 27.67619896
 5.722817898 3.328691006 27.13830566
 5.483405113 3.344717264 26.60511208
 5.269536495 3.387757540 26.07904625
 5.081358433 3.455105305 25.56212425
 4.918733120 3.544431448 25.05603409
 4.781302929 3.653792858 24.56221390
 4.668551922 3.781625986 24.08192062
 4.579859257 3.926727295 23.61628342
 4.514545918 4.088228226 23.16635513
 4.471914291 4.265563011 22.73315048
 4.451279163 4.458436489 22.31768608
 4.451994896 4.666787624 21.92100525
 4.473474026 4.890756130 21.54421043
 4.515202045 5.130646706 21.18848419
 4.576746464 5.386893749 20.85511780
 4.657761097 5.660027981 20.54552650
 4.757987976 5.950639248 20.26127625
 4.877253056 6.259340286 20.00410652
 5.015461922 6.586726665 19.77594757
 5.172588348 6.933333397 19.57894325
 5.348662853 7.299586773 19.41547012
 5.543755054 7.685748577 19.28815460
 5.757954597 8.091854095 19.19988251
 5.991344452 8.517642021 19.15381050
 6.243974209 8.962471008 19.15336418
 6.515823841 9.425228119 19.20222282
 6.806764126 9.904223442 19.30429459
 7.116509914 10.39707756 19.46367073
 7.444566727 10.90059566 19.68454933
 7.790169716 11.41063881 19.97113037
 8.152216911 11.92199516 20.32747459
 8.529194832 12.42825603 20.75731468
 8.919100761 12.92171669 21.26381683
 9.319362640 13.39330673 21.84928322
 9.726757050 13.83258152 22.51480675
 10.13733959 14.22778702 23.25987434
 10.54638386 14.56603146 24.08193016
 10.94834900 14.83358574 24.97593498
 11.33687305 15.01633549 25.93394279
 11.70481968 15.10039806 26.94475365
 12.04437733 15.07290840 27.99370193
 12.34723091 14.92293835 29.06264114
 12.60480118 14.64250183 30.13020706
 12.80857086 14.22756863 31.17239380
 12.95047092 13.67895508 32.16347885
 13.02331924 13.00297546 33.07727432
 13.02128506 12.21171570 33.88863373
 12.94032860 11.32282257 34.57505798
 12.77857780 10.35875988 35.11826706
 12.53659630 9.345559120 35.50548172
 12.21749306 8.311171532 35.73028564
 11.82686043 7.283612728 35.79289627
 11.37253571 6.289121628 35.69984055
 10.86419392 5.350563049 35.46307755
 10.31283092 4.486254215 35.09869003
 9.730173111 3.709315777 34.62538528
 9.128087044 3.027561188 34.06296539
 8.518034935 2.443852901 33.43097687
 7.910616875 1.956801891 32.74765396
 7.315235138 1.561665177 32.02917862
 6.739878178 1.251304626 31.28930664
 6.191020966 1.017096281 30.53926086
 5.673628807 0.8497191668 29.78784943
 5.191237926 0.7397860289 29.04171753
 4.746092796 0.6783101559 28.30567551
 4.339314461 0.6570194364 27.58304977
 3.971085072 0.6685420275 26.87601280
 3.640830755 0.7064911127 26.18586731
 3.347396851 0.7654756904 25.51329994
 3.089204788 0.8410606384 24.85856819
 2.864390373 0.9296953082 24.22165489
 2.670920849 1.028624892 23.60237503
 2.506691217 1.135795712 23.00045204
 2.369601727 1.249760985 22.41557693
 2.257617712 1.369591951 21.84744263
 2.168815136 1.494797230 21.29576492
 2.101413250 1.625251770 20.76029778
 2.053797007 1.761135340 20.24084282
 2.024530888 1.902881384 19.73725700
 2.012365818 2.051134348 19.24945450
 2.016242743 2.206716061 18.77741241
 2.035290003 2.370598555 18.32117462
 2.068820953 2.543884754 17.88085938
 2.116327286 2.727792740 17.45666504
 2.177473783 2.923646212 17.04888344
 2.252090931 3.132867336 16.65790749
 2.340168476 3.356972933 16.28425217
 2.441848993 3.597571373 15.92856407
 2.557421207 3.856361866 15.59165001
 2.687315226 4.135131836 15.27449608
 2.832096815 4.435754776 14.97830009
 2.992462635 4.760184288 14.70450401
 3.169234753 5.110445023 14.45483017
 3.363355875 5.488618851 14.23132992
 3.575882196 5.896821976 14.03642941
 3.807976246 6.337174416 13.87298775
 4.060895920 6.811756134 13.74435902
 4.335981846 7.322545052 13.65446091
 4.634638309 7.871339798 13.60784626
 4.958308220 8.459650993 13.60977840
 5.308442593 9.088565826 13.66630650
 5.686454773 9.758576393 13.78433323
 6.093667030 10.46935844 13.97166824
 6.531236172 11.21950436 14.23705864
 7.000062943 12.00619984 14.59017563
 7.500676632 12.82483387 15.04154587
 8.033092499 13.66855717 15.60238743
 8.596638680 14.52778339 16.28433228
 9.189753532 15.38965893 17.09898376
 9.809743881 16.23753929 18.05728340
 10.45252323 17.05051804 19.16861725
 11.11232281 17.80311584 20.43966293
 11.78140163 18.46521378 21.87294579
 12.44978237 19.00241470 23.46512794
 13.10504532 19.37697220 25.20515060
 13.73223782 19.54946899 27.07237434
 14.31396103 19.48135757 29.03502464
 14.83070087 19.13839149 31.04931068
 15.26146984 18.49477386 33.05968475
 15.58479977 17.53764343 35.00066757
 15.78008461 16.27122688 36.80052185
 15.82919884 14.71978474 38.38678741
 15.71825790 12.92844200 39.69316483
 15.43927670 10.96119595 40.66680527
 14.99146843 8.895920753 41.27468491
 14.38191414 6.816891670 41.50765610
 13.62541199 4.806063652 41.38118362
 12.74347687 2.934761524 40.93253326
 11.76260567 1.257359505 40.21498871
 10.71208096 -0.1920150518 39.29048538
 9.621671677 -1.399540782 38.22217178
 8.519550323 -2.369089127 37.06825638
 7.430686474 -3.117972851 35.87793350
 6.375820637 -3.672177792 34.68950272
 5.371020794 -4.061966896 33.53031921
 4.427721977 -4.318381786 32.41800690
 3.553111792 -4.470815182 31.36231995
 2.750719070 -4.545574188 30.36713791
 2.021089792 -4.565231800 29.43231201
 1.362457633 -4.548527718 28.55518341
 0.7713590860 -4.510606766 27.73174095
 0.2431625128 -4.463431358 26.95743561
 -0.2274968922 -4.416262150 26.22771645
 -0.6463733912 -4.376131535 25.53835678
 -1.019349217 -4.348281860 24.88562012
 -1.352242470 -4.336545467 24.26632690
 -1.650672793 -4.343668461 23.67786598
 -1.919972301 -4.371575832 23.11815643
 -2.165132523 -4.421590328 22.58560562
 -2.390778303 -4.494603157 22.07905579
 -2.601160765 -4.591213703 21.59773636
 -2.800166130 -4.711834908 21.14122200
 -2.991333008 -4.856773853 20.70939445
 -3.177877188 -5.026292324 20.30242538
 -3.362718582 -5.220648766 19.92075729
 -3.548511505 -5.440124512 19.56509209
 -3.737672806 -5.685037136 19.23640060
 -3.932409286 -5.955741405 18.93591881
 -4.134742737 -6.252620697 18.66516495
 -4.346530437 -6.576066017 18.42595673
 -4.569483757 -6.926444054 18.22042847
 -4.805179596 -7.304055691 18.05105400
 -5.055067062 -7.709079742 17.92066574
 -5.320468426 -8.141506195 17.83248138
 -5.602571964 -8.601050377 17.79011536
 -5.902419567 -9.087056160 17.79759216
 -6.220883369 -9.598374367 17.85934639
 -6.558632374 -10.13322926 17.98020172
 -6.916091919 -10.68905830 18.16533089
 -7.293388367 -11.26234245 18.42018700
 -7.690283775 -11.84841156 18.75038910
 -8.106096268 -12.44124889 19.16155434
 -8.539611816 -13.03328896 19.65907860
 -8.988979340 -13.61523819 20.24782944
 -9.451604843 -14.17592716 20.93175888
 -9.924036980 -14.70223045 21.71343040
 -10.40185642 -15.17908955 22.59346008
 -10.87957954 -15.58967876 23.56987572
 -11.35058975 -15.91576099 24.63743782
 -11.80710697 -16.13827324 25.78697205
 -12.24022388 -16.23818588 27.00478172
 -12.64002037 -16.19762039 28.27224350
 -12.99577999 -16.00123215 29.56569862
 -13.29632568 -15.63774490 30.85676575
 -13.53046799 -15.10152245 32.11316299
 -13.68757343 -14.39397717 33.30011749
 -13.75821400 -13.52458000 34.38230133
 -13.73485088 -12.51124382 35.32617950
 -13.61248970 -11.37989140 36.10255051
 -13.38922977 -10.16313362 36.68890381
 -13.06661987 -8.898124695 37.07129669
 -12.64977074 -7.623831749 37.24541473
 -12.14717674 -6.378069878 37.21660233
 -11.57026577 -5.194732189 36.99891663
 -10.93271255 -4.101586342 36.61332321
 -10.24959946 -3.118900776 36.08538437
 -9.536529541 -2.258992195 35.44278336
 -8.808775902 -1.526619077 34.71307373
 -8.080560684 -0.9200133085 33.92186737
 -7.364505768 -0.4322930872 33.09162521
 -6.671284676 -0.5299714208E-01 32.24101639
 -6.009455681 0.2304631174 31.38479233
 -5.385463715 0.4315660596 30.53401566
 -4.803760529 0.5637189150 29.69653320
 -4.267012596 0.6395791173 28.87754631
 -3.776353359 0.6706283092 28.08018684
 -3.331655264 0.6669501662 27.30605698
 -2.931794643 0.6371608973 26.55567551
 -2.574899197 0.5884446502 25.82884407
 -2.258564949 0.5266551375 25.12492371
 -1.980042934 0.4564531147 24.44303131
 -1.736393332 0.3814590871 23.78217888
 -1.524608135 0.3044065237 23.14136314
 -1.341706634 0.2272872925 22.51961899
 -1.184807301 0.1514837891 21.91604614
 -1.051178217 0.7788582891E-01 21.32982254
 -0.9382718205 0.6991520524E-02 20.76020813
 -0.8437454700 -0.6100732088E-01 20.20653725
 -0.7654716372 -0.1261542439 19.66821098
 -0.7015398741 -0.1886701882 19.14469147
 -0.6502528787 -0.2489069998 18.63549042
 -0.6101182699 -0.3073109090 18.14016342
 -0.5798375607 -0.3643944561 17.65830040
 -0.5582932234 -0.4207155704 17.18952560
 -0.5445354581 -0.4768625498 16.73348618
 -0.5377681851 -0.5334441066 16.28985596
 -0.5373357534 -0.5910831094 15.85832882
 -0.5427104831 -0.6504138112 15.43861580
 -0.5534808040 -0.7120816112 15.03044891
 -0.5693408847 -0.7767447829 14.63357830
 -0.5900812745 -0.8450778127 14.24777222
 -0.6155809164 -0.9177763462 13.87281799
 -0.6458004713 -0.9955627918 13.50852585
 -0.6807767153 -1.079193115 13.15472794
 -0.7206183672 -1.169464350 12.81128216
 -0.7655029893 -1.267222404 12.47807503
 -0.8156749010 -1.373371005 12.15502739
 -0.8714445233 -1.488880754 11.84209538
 -0.9331881404 -1.614799142 11.53928089
 -1.001349211 -1.752260685 11.24663544
 -1.076440334 -1.902497768 10.96427155
 -1.159046054 -2.066852331 10.69237041
 -1.249826670 -2.246787071 10.43119621
 -1.349522710 -2.443898678 10.18111229
 -1.458960295 -2.659929514 9.942597389
 -1.579057217 -2.896780491 9.716268539
 -1.710829496 -3.156523228 9.502909660
 -1.855398893 -3.441411734 9.303501129
 -2.014000177 -3.753892183 9.119259834
 -2.187989473 -4.096611500 8.951683044
 -2.378851652 -4.472420692 8.802604675
 -2.588208437 -4.884374142 8.674261093
 -2.817825079 -5.335721016 8.569365501
 -3.069614649 -5.829885006 8.491200447
 -3.345641613 -6.370430946 8.443723679
 -3.648120642 -6.961009502 8.431689262
 -3.979409456 -7.605275154 8.460790634
 -4.341996193 -8.306767464 8.537814140
 -4.738473415 -9.068747520 8.670818329
 -5.171500683 -9.893968582 8.869317055
 -5.643747330 -10.78437233 9.144468307
 -6.157809734 -11.74068737 9.509258270
 -6.716097355 -12.76190567 9.978647232
 -7.320678234 -13.84461784 10.56965160
 -7.973072052 -14.98219109 11.30131435
 -8.673983574 -16.16376686 12.19448662
 -9.422962189 -17.37309647 13.27134323
 -10.21797562 -18.58724213 14.55450058
 -11.05490208 -19.77522659 16.06562042
 -11.92693424 -20.89680862 17.82333565
 -12.82392120 -21.90160370 19.84039497
 -13.73168945 -22.72896957 22.11996269
 -14.63141727 -23.30910873 24.65116882
 -15.49918652 -23.56599998 27.40425682
 -16.30586815 -23.42267609 30.32601547
 -17.01754951 -22.80917168 33.33659363
 -17.59671211 -21.67292213 36.32918167
 -18.00433350 -19.99053001 39.17412567
 -18.20295334 -17.77879715 41.72864532
 -18.16053772 -15.10198975 43.85214615
 -17.85468292 -12.07213497 45.42535782
 -17.27642822 -8.840171814 46.36945724
 -16.43280220 -5.578184128 46.66020584
 -15.34734058 -2.456007719 46.33258438
 -14.05820751 0.3821165562 45.47397995
 -12.61417484 2.834823608 44.20762253
 -11.06927490 4.850933075 42.67116165
 -9.477253914 6.426414967 40.99629974
 -7.886887074 7.593842983 39.29401779
 -6.338814259 8.408651352 37.64725876
 -4.864068031 8.936086655 36.11032486
 -3.484052658 9.241217613 34.71272659
 -2.211525679 9.382679939 33.46508408
 -1.052105069 9.409714699 32.36518097
 -0.5923151970E-02 9.361543655 31.40310860
 0.9308235049 9.268129349 30.56513786
 1.764554024 9.151571274 29.83633804
 2.503255844 9.027652740 29.20218658
 3.155695438 8.907282829 28.64944649
 3.730854034 8.797715187 28.16654778
 4.237540245 8.703524590 27.74366951
 4.684138775 8.627351761 27.37265396
 5.078460217 8.570464134 27.04683304
 5.427660465 8.533165932 26.76083183
 5.738211155 8.515091896 26.51036072
 6.015899181 8.515419960 26.29203224
 6.265851021 8.533015251 26.10318947
 6.492567539 8.566535950 25.94177055
 6.699964523 8.614502907 25.80617905
 6.891418457 8.675343513 25.69518280
 7.069810867 8.747425079 25.60783195
 7.237572193 8.829072952 25.54338264
 7.396722317 8.918581963 25.50123596
 7.548908234 9.014223099 25.48088646
 7.695439816 9.114246368 25.48187065
 7.837320328 9.216884613 25.50373459
 7.975276947 9.320356369 25.54599190
 8.109785080 9.422866821 25.60808945
 8.241093636 9.522617340 25.68938065
 8.369245529 9.617811203 25.78909874
 8.494102478 9.706668854 25.90632820
 8.615359306 9.787441254 26.03998756
 8.732567787 9.858428955 26.18881035
 8.845153809 9.918007851 26.35133553
 8.952439308 9.964654922 26.52589607
 9.053661346 9.996976852 26.71061897
 9.147993088 10.01374340 26.90342903
 9.234567642 10.01391983 27.10206032
 9.312502861 9.996701241 27.30408096
 9.380922318 9.961542130 27.50691605
 9.438983917 9.908182144 27.70788193
 9.485903740 9.836673737 27.90423584
 9.520980835 9.747390747 28.09321976
 9.543622017 9.641041756 28.27211380
 9.553363800 9.518661499 28.43829536
 9.549893379 9.381603241 28.58929253
 9.533063889 9.231510162 28.72284508
 9.502908707 9.070285797 28.83694839
 9.459646225 8.900048256 28.92990494
 9.403686523 8.723081589 29.00035477
 9.335625648 8.541780472 29.04730225
 9.256240845 8.358590126 29.07013702
 9.166475296 8.175950050 29.06862450
 9.067422867 7.996235371 29.04290771
 8.960304260 7.821708202 28.99348259
 8.846445084 7.654471874 28.92117119
 8.727248192 7.496436119 28.82708931
 8.604166985 7.349289417 28.71259880
 8.478679657 7.214483261 28.57927513
 8.352259636 7.093223572 28.42885399
 8.226356506 6.986472130 28.26319504
 8.102368355 6.894956112 28.08424187
 7.981626987 6.819180965 27.89398384
 7.865382195 6.759450912 27.69442558
 7.754788876 6.715890884 27.48756409
 7.650898933 6.688470364 27.27536583
 7.554656029 6.677026749 27.05975151
 7.466893196 6.681289196 26.84258461
 7.388332844 6.700899124 26.62566757
 7.319589615 6.735430241 26.41073418
 7.261173725 6.784403801 26.19945335
 7.213496685 6.847300529 25.99342918
 7.176877022 6.923571587 25.79420090
 7.151546478 7.012643337 25.60325241
 7.137656212 7.113921642 25.42201233
 7.135282516 7.226790428 25.25185966
 7.144433498 7.350610256 25.09412956
 7.165050983 7.484712124 24.95011139
 7.197017193 7.628391266 24.82105827
 7.240154743 7.780896187 24.70817947
 7.294229031 7.941420078 24.61264420
 7.358948231 8.109086990 24.53557205
 7.433961868 8.282941818 24.47803307
 7.518859863 8.461934090 24.44103622
 7.613167286 8.644907951 24.42551613
 7.716341496 8.830590248 24.43231964
 7.827766418 9.017579079 24.46218872
 7.946747780 9.204335213 24.51573944
 8.072506905 9.389177322 24.59343147
 8.204174042 9.570281029 24.69554901
 8.340785027 9.745680809 24.82216263
 8.481274605 9.913280487 24.97310448
 8.624475479 10.07086658 25.14792824
 8.769114494 10.21613407 25.34587669
 8.913816452 10.34671593 25.56585121
 9.057106018 10.46022415 25.80638313
 9.197418213 10.55430031 26.06560707
 9.333106041 10.62667179 26.34124756
 9.462462425 10.67521858 26.63061333
 9.583738327 10.69804382 26.93060303
 9.695168495 10.69355202 27.23772621
 9.795006752 10.66052055 27.54814529
 9.881558418 10.59817410 27.85772705
 9.953220367 10.50625134 28.16211891
 10.00852394 10.38505268 28.45683861
 10.04617691 10.23547935 28.73738098
 10.06510735 10.05904579 28.99932480
 10.06450081 9.857872009 29.23846245
 10.04383755 9.634648323 29.45091629
 10.00291824 9.392574310 29.63324738
 9.941884041 9.135275841 29.78255844
 9.861223221 8.866703033 29.89657593
 9.761771202 8.591010094 29.97369957
 9.644695282 8.312432289 30.01303482
 9.511468887 8.035157204 30.01439667
 9.363838196 7.763206959 29.97827339
 9.203775406 7.500332355 29.90578651
 9.033431053 7.249924660 29.79861259
 8.855080605 7.014948845 29.65889931
 8.671067238 6.797902584 29.48917389
 8.483750343 6.600796223 29.29224586
 8.295454979 6.425157547 29.07111359
 8.108425140 6.272052288 28.82888031
 7.924787998 6.142122746 28.56867409
 7.746521473 6.035635471 28.29359245
 7.575432777 5.952536106 28.00664902
 7.413143158 5.892507076 27.71073532
 7.261079788 5.855025768 27.40860176
 7.120474339 5.839417458 27.10284424
 6.992368698 5.844904900 26.79589653
 6.877622128 5.870651245 26.49003601
 6.776925087 5.915794373 26.18739700
 6.690812111 5.979475021 25.88997459
 6.619678497 6.060858250 25.59965134
 6.563796520 6.159144878 25.31820297
 6.523331165 6.273581028 25.04732513
 6.498356342 6.403458118 24.78864288
 6.488866329 6.548109055 24.54373169
 6.494790554 6.706900597 24.31413078
 6.516001701 6.879220963 24.10135269
 6.552323818 7.064464569 23.90690041
 6.603538036 7.262012959 23.73226929
 6.669385433 7.471213818 23.57895851
 6.749568462 7.691358089 23.44847107
 6.843747616 7.921653271 23.34231186
 6.951538086 8.161196709 23.26198769
 7.072504044 8.408949852 23.20899582
 7.206148624 8.663703918 23.18481255
 7.351903915 8.924056053 23.19087029
 7.509119034 9.188378334 23.22853470
 7.677044868 9.454789162 23.29907417
 7.854819298 9.721133232 23.40361404
 8.041450500 9.984959602 23.54309464
 8.235801697 10.24351025 23.71821404
 8.436573029 10.49371433 23.92936325
 8.642287254 10.73219967 24.17655754
 8.851278305 10.95531082 24.45935631
 9.061681747 11.15915012 24.77679253
 9.271429062 11.33963585 25.12728500
 9.478249550 11.49258137 25.50856972
 9.679682732 11.61379910 25.91763687
 9.873094559 11.69922733 26.35067940
 10.05570793 11.74507427 26.80307007
 10.22464466 11.74798298 27.26937103
 10.37697887 11.70520782 27.74337769
 10.50980186 11.61478519 28.21820068
 10.62030029 11.47570515 28.68640709
 10.70584106 11.28804970 29.14019012
 10.76406193 11.05310249 29.57159805
 10.79296589 10.77340412 29.97278404
 10.79100990 10.45274830 30.33627892
 10.75718403 10.09611320 30.65526772
 10.69107723 9.709520340 30.92385101
 10.59292126 9.299834251 31.13726807
 10.46361256 8.874507904 31.29206467
 10.30470181 8.441293716 31.38620377
 10.11836052 8.007942200 31.41908836
 9.907319069 7.581907272 31.39151764
 9.674777985 7.170079708 31.30557442
 9.424307823 6.778572083 31.16444778
 9.159734726 6.412559032 30.97222900
 8.885017395 6.076185226 30.73367691
 8.604134560 5.772535801 30.45398140
 8.320974350 5.503666401 30.13855171
 8.039243698 5.270681381 29.79281616
 7.762387276 5.073845863 29.42206383
 7.493533134 4.912721157 29.03132629
 7.235451698 4.786311150 28.62529373
 6.990537643 4.693205357 28.20826340
 6.760804176 4.631714344 27.78412247
 6.547895432 4.599992275 27.35635376
 6.353105068 4.596137524 26.92805290
 6.177408218 4.618278027 26.50196838
 6.021495342 4.664634705 26.08053970
 5.885809422 4.733568668 25.66593933
 5.770585537 4.823611259 25.26012230
 5.675888062 4.933482170 24.86487007
 5.601647377 5.062093735 24.48182487
 5.547691822 5.208548546 24.11253738
 5.513777733 5.372127533 23.75849152
 5.499612808 5.552273750 23.42113876
 5.504878998 5.748570442 23.10192871
 5.529248238 5.960717678 22.80233002
 5.572395325 6.188502789 22.52385139
 5.634006023 6.431770325 22.26806259
 5.713782310 6.690390110 22.03661346
 5.811443329 6.964221001 21.83124542
 5.926721096 7.253072262 21.65380096
 6.059356213 7.556663036 21.50623512
 6.209086895 7.874576569 21.39062119
 6.375635624 8.206212997 21.30914307
 6.558693409 8.550735474 21.26409721
 6.757897377 8.907014847 21.25787163
 6.972809315 9.273571014 21.29292107
 7.202885628 9.648507118 21.37173843
 7.447447777 10.02944851 21.49679565
 7.705647945 10.41347694 21.67048645
 7.976430893 10.79707241 21.89503288
 8.258495331 11.17605972 22.17238617
 8.550251961 11.54557228 22.50409698
 8.849783897 11.90003014 22.89116287
 9.154808044 12.23315048 23.33385849
 9.462642670 12.53799534 23.83154297
 9.770177841 12.80706120 24.38246155
 10.07386589 13.03243065 24.98353577
 10.36972237 13.20598125 25.63017845
 10.65334797 13.31966496 26.31612968
 10.91998005 13.36585712 27.03335571
 11.16456795 13.33775616 27.77201462
 11.38188648 13.22983265 28.52053070
 11.56668091 13.03828812 29.26578712
 11.71384144 12.76149559 29.99346352
 11.81860733 12.40036964 30.68849945
 11.87678337 11.95862293 31.33568954
 11.88496780 11.44286442 31.92037010
 11.84075737 10.86250114 32.42914200
 11.74293137 10.22943211 32.85056686
 11.59158134 9.557538986 33.17578506
 11.38817692 8.862008095 33.39896774
 11.13556004 8.158544540 33.51755142
 10.83785820 7.462548733 33.53224945
 10.50032711 6.788345814 33.44683838
 10.12912941 6.148526669 33.26771927
 9.731069565 5.553467274 33.00337219
 9.313309669 5.011051178 32.66369247
 8.883084297 4.526596546 32.25935364
 8.447435379 4.102968693 31.80120468
 8.012989044 3.740834713 31.29976845
 7.585773468 3.439016342 30.76486015
 7.171097755 3.194890261 30.20533943
 6.773477077 3.004794359 29.62897301
 6.396608829 2.864408255 29.04239655
 6.043388844 2.769086123 28.45115662
 5.715958595 2.714130163 27.85980606
 5.415775776 2.695002317 27.27201653
 5.143698215 2.707478285 26.69071770
 4.900076389 2.747749090 26.11822891
 4.684843540 2.812479734 25.55638504
 4.497607231 2.898834467 25.00664139
 4.337729931 3.004475594 24.47017670
 4.204404354 3.127545118 23.94796371
 4.096718311 3.266633749 23.44084549
 4.013710022 3.420743227 22.94958115
 3.954413414 3.589244843 22.47489166
 3.917896509 3.771837950 22.01749420
 3.903290749 3.968508005 21.57813835
 3.909812450 4.179486752 21.15762329
 3.936779976 4.405216217 20.75683022
 3.983623505 4.646311760 20.37673759
 4.049892426 4.903530598 20.01844978
 4.135256290 5.177739620 19.68321228
 4.239504814 5.469882488 19.37244034
 4.362542629 5.780949593 19.08773804
 4.504383087 6.111941338 18.83092880
 4.665138721 6.463831902 18.60407639
 4.845007896 6.837526321 18.40951347
 5.044259548 7.233810902 18.24987221
 5.263214588 7.653294563 18.12810135
 5.502222538 8.096341133 18.04749489
 5.761634350 8.562986374 18.01170731
 6.041769505 9.052845001 18.02476311
 6.342876911 9.564997673 18.09105492
 6.665089130 10.09786034 18.21532249
 7.008366108 10.64903927 18.40261269
 7.372433186 11.21516895 18.65819931
 7.756706715 11.79173565 18.98747826
 8.160209656 12.37289333 19.39579582
 8.581478119 12.95128536 19.88822937
 9.018459320 13.51788235 20.46928787
 9.468401909 14.06185722 21.14254570
 9.927747726 14.57052994 21.91017723
 10.39202595 15.02940655 22.77243042
 10.85576439 15.42236328 23.72702599
 11.31242466 15.73200321 24.76852036
 11.75438213 15.94024181 25.88769722
 12.17296791 16.02912712 27.07103539
 12.55858421 15.98191833 28.30036163
 12.90091801 15.78437805 29.55278778
 13.18926430 15.42621040 30.80104256
 13.41295910 14.90251160 32.01428604
 13.56191444 14.21505165 33.15943909
 13.62722778 13.37318230 34.20302200
 13.60182285 12.39415073 35.11333466
 13.48105526 11.30266571 35.86280823
 13.26321602 10.12964916 36.43018341
 12.94985962 8.910239220 36.80223083
 12.54589748 7.681260109 36.97470093
 12.05943394 6.478490829 36.95239258
 11.50133991 5.334097862 36.74826431
 10.88461590 4.274589539 36.38180161
 10.22361374 3.319516659 35.87689209
 9.533204079 2.481018543 35.25954819
 8.827985764 1.764140844 34.55581284
 8.121601105 1.167753220 33.79006195
 7.426216125 0.6858299971 32.98383331
 6.752177715 0.3088614643 32.15519714
 6.107846260 0.2520656586E-01 31.31858063
 5.499582291 -0.1777392924 30.48495865
 4.931849957 -0.3126242161 29.66225052
 4.407402515 -0.3914776742 28.85583878
 3.927514553 -0.4252831638 28.06909561
 3.492234707 -0.4237440825 27.30388260
 3.100636721 -0.3951965868 26.56098175
 2.751053333 -0.3466258943 25.84043503
 2.441285372 -0.2837488651 25.14182091
 2.168781996 -0.2111350596 24.46444511
 1.930790305 -0.1323452294 23.80747986
 1.724476814 -0.5007300526E-01 23.17005920
 1.547021866 0.3371893615E-01 22.55132675
 1.395691633 0.1176739112 21.95047951
 1.267889857 0.2009298205 21.36677551
 1.161193848 0.2830225229 20.79954147
 1.073376656 0.3638035655 20.24817276
 1.002419353 0.4433718324 19.71212578
 0.9465146065 0.5220173597 19.19091415
 0.9040648937 0.6001764536 18.68409729
 0.8736760616 0.6783964634 18.19128036
 0.8541480899 0.7573089600 17.71210670
 0.8444641829 0.8376097083 17.24625206
 0.8437787294 0.9200451374 16.79342461
 0.8514053822 1.005403399 16.35336304
 0.8668051958 1.094509482 15.92583370
 0.8895756006 1.188223839 15.51063251
 0.9194404483 1.287443995 15.10758591
 0.9562407732 1.393107653 14.71655464
 0.9999274611 1.506198287 14.33743477
 1.050554514 1.627752066 13.97016430
 1.108274221 1.758865595 13.61472702
 1.173333406 1.900705218 13.27116108
 1.246070623 2.054516554 12.93956470
 1.326915264 2.221635103 12.62011051
 1.416387200 2.403496742 12.31305313
 1.515098095 2.601649761 12.01874828
 1.623753309 2.817764997 11.73766613
 1.743154526 3.053647518 11.47041512
 1.874203801 3.311247349 11.21776676
 2.017908096 3.592668056 10.98068619
 2.175384045 3.900175571 10.76036453
 2.347863197 4.236202240 10.55826569
 2.536697149 4.603348255 10.37617207
 2.743362188 5.004377842 10.21624756
 2.969463825 5.442206860 10.08110237
 3.216738224 5.919879913 9.973876953
 3.487052441 6.440534115 9.898333549
 3.782400608 7.007343292 9.858963013
 4.104894638 7.623436451 9.861103058
 4.456748962 8.291784286 9.911074638
 4.840252399 9.015044212 10.01632309
 5.257731438 9.795349121 10.18557167
 5.711493015 10.63403034 10.42896938
 6.203746796 11.53125858 10.75822544
 6.736497879 12.48558235 11.18670940
 7.311406136 13.49335289 11.72948837
 7.929600716 14.54802227 12.40325546
 8.591443062 15.63930130 13.22610188
 9.296228409 16.75219917 14.21704769
 10.04182529 17.86597252 15.39524937
 10.82423973 18.95306015 16.77877808
 11.63712215 19.97814178 18.38286781
 12.47122383 20.89751816 20.21753883
 13.31385326 21.65911102 22.28458023
 14.14837933 22.20346260 24.57398605
 14.95388794 22.46615410 27.06011009
 15.70511436 22.38204193 29.69807053
 16.37280655 21.89153671 32.42124557
 16.92467880 20.94874001 35.14093781
 17.32708549 19.53067207 37.74935150
 17.54744339 17.64608765 40.12679672
 17.55730820 15.34168434 42.15318680
 17.33574677 12.70334911 43.72268677
 16.87250710 9.850670815 44.75896835
 16.17032433 6.924506187 45.22745132
 15.24574280 4.069526672 45.14110184
 14.12812138 1.415543318 44.55776978
 12.85686398 -0.9379138947 43.56955338
 11.47738647 -2.930291176 42.28711319
 10.03661919 -4.540775299 40.82313538
 8.578880310 -5.782376766 39.27877808
 7.142754555 -6.692145824 37.73527908
 5.759264469 -7.320591450 36.25100327
 4.451278687 -7.722582817 34.86269760
 3.233892441 -7.950834751 33.58927155
 2.115419865 -8.052077293 32.43643570
 1.098670125 -8.065405846 31.40112877
 0.1822625399 -8.022118568 30.47515297
 -0.6381755471 -7.946408749 29.64786148
 -1.368998885 -7.856428623 28.90796471
 -2.017741919 -7.765434265 28.24464035
 -2.592511177 -7.682843685 27.64813614
 -3.101544380 -7.615137577 27.11003113
 -3.552903652 -7.566588879 26.62328339
 -3.954272270 -7.539836407 26.18216324
 -4.312828541 -7.536320210 25.78211784
 -4.635177612 -7.556610584 25.41962242
 -4.927320957 -7.600649357 25.09202766
 -5.194653988 -7.667928219 24.79741478
 -5.441981316 -7.757612228 24.53447342
 -5.673544407 -7.868629456 24.30238914
 -5.893053055 -7.999728680 24.10075569
 -6.103720665 -8.149516106 23.92949677
 -6.308300018 -8.316473007 23.78880119
 -6.509117126 -8.498963356 23.67906189
 -6.708101749 -8.695228577 23.60082817
 -6.906814575 -8.903377533 23.55475807
 -7.106471062 -9.121368408 23.54157066
 -7.307960987 -9.346991539 23.56200218
 -7.511864185 -9.577848434 23.61675644
 -7.718462467 -9.811333656 23.70645142
 -7.927749634 -10.04461670 23.83156395
 -8.139436722 -10.27463341 23.99236679
 -8.352956772 -10.49808598 24.18886757
 -8.567469597 -10.71144772 24.42073250
 -8.781867027 -10.91098595 24.68721390
 -8.994778633 -11.09280014 24.98707581
 -9.204580307 -11.25287819 25.31852722
 -9.409410477 -11.38716793 25.67914581
 -9.607186317 -11.49167538 26.06583405
 -9.795635223 -11.56257725 26.47477150
 -9.972329140 -11.59635735 26.90140533
 -10.13473225 -11.58994961 27.34046173
 -10.28025436 -11.54089260 27.78599358
 -10.40631866 -11.44748402 28.23146629
 -10.51043510 -11.30892181 28.66988945
 -10.59028339 -11.12542439 29.09397507
 -10.64379787 -10.89831543 29.49634933
 -10.66924953 -10.63006401 29.86977386
 -10.66533089 -10.32427216 30.20739365
 -10.63122463 -9.985603333 30.50298119
 -10.56666279 -9.619649887 30.75115967
 -10.47196198 -9.232748032 30.94760513
 -10.34804058 -8.831748962 31.08918571
 -10.19641113 -8.423761368 31.17405319
 -10.01914597 -8.015884399 31.20166588
 -9.818820000 -7.614945889 31.17274475
 -9.598432541 -7.227270126 31.08916855
 -9.361316681 -6.858485699 30.95382881
 -9.111033440 -6.513383389 30.77043724
 -8.851268768 -6.195834160 30.54332924
 -8.585725784 -5.908759117 30.27725029
 -8.318029404 -5.654152870 29.97716713
 -8.051641464 -5.433149815 29.64809036
 -7.789792061 -5.246119976 29.29493141
 -7.535424709 -5.092786312 28.92239571
 -7.291161060 -4.972352028 28.53489494
 -7.059280396 -4.883628368 28.13650703
 -6.841715336 -4.825155735 27.73094940
 -6.640059471 -4.795311928 27.32158089
 -6.455584526 -4.792406082 26.91141701
 -6.289266586 -4.814756393 26.50315666
 -6.141815662 -4.860749245 26.09921837
 -6.013709068 -4.928884029 25.70177841
 -5.905226707 -5.017803669 25.31280708
 -5.816484451 -5.126310349 24.93411064
 -5.747467041 -5.253374100 24.56737137
 -5.698057652 -5.398129463 24.21417809
 -5.668065071 -5.559866428 23.87605476
 -5.657245159 -5.738015652 23.55449677
 -5.665322304 -5.932128429 23.25098991
 -5.692002773 -6.141853809 22.96703720
 -5.736988068 -6.366911888 22.70417786
 -5.799980640 -6.607063293 22.46400261
 -5.880688667 -6.862079620 22.24817085
 -5.978827953 -7.131705761 22.05842400
 -6.094115734 -7.415625095 21.89659119
 -6.226266861 -7.713417530 21.76459885
 -6.374981880 -8.024516106 21.66446686
 -6.539935112 -8.348159790 21.59830856
 -6.720757484 -8.683344841 21.56831741
 -6.917016029 -9.028769493 21.57674789
 -7.128191471 -9.382779121 21.62588882
 -7.353650093 -9.743309975 21.71802139
 -7.592616081 -10.10783195 21.85536385
 -7.844137669 -10.47329235 22.04000282
 -8.107052803 -10.83607006 22.27380943
 -8.379954338 -11.19193459 22.55832672
 -8.661151886 -11.53602505 22.89464951
 -8.948638916 -11.86284733 23.28327751
 -9.240059853 -12.16630173 23.72395325
 -9.532684326 -12.43974781 24.21548843
 -9.823390961 -12.67611599 24.75558472
 -10.10866356 -12.86806679 25.34066010
 -10.38460350 -13.00821018 25.96569824
 -10.64696407 -13.08938217 26.62413025
 -10.89120579 -13.10497665 27.30777550
 -11.11258316 -13.04931831 28.00685883
 -11.30625629 -12.91806316 28.71012497
 -11.46743679 -12.70859432 29.40507126
 -11.59155273 -12.42038250 30.07828522
 -11.67443562 -12.05527306 30.71591187
 -11.71251965 -11.61765289 31.30420685
 -11.70303345 -11.11447048 31.83014870
 -11.64417744 -10.55508232 32.28207397
 -11.53526783 -9.950919151 32.65027237
 -11.37683296 -9.314989090 32.92746353
 -11.17064857 -8.661250114 33.10914993
 -10.91970825 -8.003911972 33.19375610
 -10.62812901 -7.356729984 33.18259430
 -10.30098915 -6.732349873 33.07960892
 -9.944125175 -6.141776562 32.89098358
 -9.563890457 -5.593993187 32.62463760
 -9.166900635 -5.095757961 32.28964996
 -8.759786606 -4.651572227 31.89571571
 -8.348964691 -4.263800144 31.45263100
 -7.940448284 -3.932903290 30.96987724
 -7.539693832 -3.657752752 30.45630455
 -7.151499748 -3.435977459 29.91991997
 -6.779947281 -3.264314651 29.36777878
 -6.428383827 -3.138936758 28.80595779
 -6.099439144 -3.055737257 28.23958206
 -5.795068741 -3.010566711 27.67290878
 -5.516618729 -2.999416113 27.10942841
 -5.264898300 -3.018551350 26.55197716
 -5.040263653 -3.064602852 26.00284767
 -4.842697620 -3.134618521 25.46390152
 -4.671889782 -3.226087809 24.93666458
 -4.527309418 -3.336942673 24.42240524
 -4.408272743 -3.465542078 23.92221451
 -4.313999653 -3.610646486 23.43705940
 -4.243664265 -3.771385193 22.96783447
 -4.196436405 -3.947219610 22.51540375
 -4.171514511 -4.137905121 22.08063507
 -4.168153763 -4.343453407 21.66443062
 -4.185683727 -4.564095020 21.26775360
 -4.223525047 -4.800244808 20.89165115
 -4.281197071 -5.052465439 20.53727913
 -4.358324051 -5.321434498 20.20592499
 -4.454635143 -5.607911110 19.89902496
 -4.569962502 -5.912700653 19.61819649
 -4.704236507 -6.236618996 19.36525345
 -4.857474804 -6.580451488 19.14223289
 -5.029772282 -6.944911003 18.95141792
 -5.221286297 -7.330585003 18.79536057
 -5.432216167 -7.737879753 18.67690086
 -5.662782669 -8.166952133 18.59918785
 -5.913199425 -8.617630005 18.56568718
 -6.183642387 -9.089323044 18.58017921
 -6.474210262 -9.580917358 18.64675903
 -6.784881115 -10.09065628 18.76980019
 -7.115458488 -10.61600780 18.95391083
 -7.465513229 -11.15351868 19.20385170
 -7.834313869 -11.69866085 19.52441597
 -8.220748901 -12.24567795 19.92027473
 -8.623241425 -12.78743553 20.39575386
 -9.039660454 -13.31529331 20.95455933
 -9.467224121 -13.81902409 21.59942818
 -9.902403831 -14.28678989 22.33172226
 -10.34084225 -14.70521736 23.15094566
 -10.77727985 -15.05959797 24.05422974
 -11.20551205 -15.33424854 25.03579903
 -11.61838531 -15.51305962 26.08645821
 -12.00785255 -15.58025169 27.19318581
 -12.36509228 -15.52132988 28.33888817
 -12.68071556 -15.32421303 29.50241089
 -12.94506550 -14.98045444 30.65889931
 -13.14860439 -14.48645401 31.78055763
 -13.28238964 -13.84449863 32.83784103
 -13.33860016 -13.06347275 33.80104446
 -13.31108761 -12.15905952 34.64216614
 -13.19588470 -11.15332413 35.33687973
 -12.99162865 -10.07362461 35.86634445
 -12.69982815 -8.950922012 36.21863556
 -12.32493782 -7.817660332 36.38955688
 -11.87421036 -6.705475807 36.38269043
 -11.35733700 -5.643042564 36.20870590
 -10.78590775 -4.654321671 35.88404083
 -10.17274952 -3.757413149 35.42914200
 -9.531215668 -2.964091063 34.86659622
 -8.874503136 -2.279980183 34.21933365
 -8.215050697 -1.705245495 33.50915527
 -7.564070225 -1.235613108 32.75566483
 -6.931224346 -0.8635351658 31.97564316
 -6.324455261 -0.5793390870 31.18281364
 -5.749943733 -0.3722500801 30.38791275
 -5.212174416 -0.2312239408 29.59897232
 -4.714079380 -0.1455704719 28.82171822
 -4.257228374 -0.1053783149 28.06000137
 -3.842043400 -0.1017701328 27.31622124
 -3.468016148 -0.1270235032 26.59169960
 -3.133916855 -0.1745933592 25.88699341
 -2.837984562 -0.2390672863 25.20214462
 -2.578092813 -0.3160793185 24.53687286
 -2.351891518 -0.4022011459 23.89070511
 -2.156922579 -0.4948253036 23.26307869
 -1.990712881 -0.5920487642 22.65340233
 -1.850846529 -0.6925636530 22.06109810
 -1.735018253 -0.7955579758 21.48562050
 -1.641072273 -0.9006280899 20.92647362
 -1.567027807 -1.007703543 20.38321495
 -1.511095405 -1.116983652 19.85545349
 -1.471684217 -1.228885651 19.34285355
 -1.447404385 -1.344002604 18.84512901
 -1.437064171 -1.463070631 18.36204529
 -1.439664841 -1.586943507 17.89341545
 -1.454392672 -1.716575027 17.43910408
 -1.480610847 -1.853006124 16.99902725
 -1.517850399 -1.997357607 16.57315636
 -1.565801144 -2.150826454 16.16152191
 -1.624303699 -2.314685106 15.76422596
 -1.693341851 -2.490284443 15.38144398
 -1.773036122 -2.679056883 15.01344109
 -1.863638163 -2.882522583 14.66058350
 -1.965526581 -3.102295876 14.32335472
 -2.079203606 -3.340090990 14.00237465
 -2.205292225 -3.597729206 13.69842529
 -2.344535828 -3.877143383 13.41247463
 -2.497796535 -4.180381775 13.14570999
 -2.666054964 -4.509607792 12.89957523
 -2.850410223 -4.867097378 12.67581558
 -3.052078962 -5.255228519 12.47652626
 -3.272393942 -5.676465034 12.30421257
 -3.512800932 -6.133328438 12.16185665
 -3.774853706 -6.628357410 12.05299187
 -4.060204029 -7.164050102 11.98178959
 -4.370588779 -7.742781639 11.95314980
 -4.707808018 -8.366695404 11.97280407
 -5.073696613 -9.037557602 12.04741764
 -5.470082760 -9.756567955 12.18469143
 -5.898731232 -10.52411270 12.39345837
 -6.361269474 -11.33945942 12.68375492
 -6.859088421 -12.20037270 13.06685543
 -7.393217087 -13.10264683 13.55524063
 -7.964159966 -14.03955269 14.16247463
 -8.571699142 -15.00119972 14.90294075
 -9.214649200 -15.97382832 15.79138660
 -9.890566826 -16.93907166 16.84221458
 -10.59541702 -17.87324905 18.06845856
 -11.32320023 -18.74680519 19.48037910
 -12.06556034 -19.52403069 21.08364105
 -12.81140709 -20.16328812 22.87709427
 -13.54659557 -20.61797142 24.85023880
 -14.25373268 -20.83847618 26.98059845
 -14.91220665 -20.77539444 29.23137665
 -15.49852562 -20.38401413 31.54994202
 -15.98707485 -19.62998581 33.86783218
 -16.35136604 -18.49559212 36.10295105
 -16.56578827 -16.98569298 38.16448593
 -16.60777855 -15.13200855 39.96057892
 -16.46020126 -12.99430180 41.40805435
 -16.11361122 -10.65736580 42.44272614
 -15.56798649 -8.223546982 43.02820587
 -14.83354282 -5.801722527 43.16102600
 -13.93036079 -3.494788170 42.87066650
 -12.88680363 -1.388302803 42.21428680
 -11.73695374 0.4573475122 41.26747894
 -10.51752377 2.009971857 40.11333466
 -9.264774323 3.263895035 38.83224487
 -8.011907578 4.234838963 37.49432755
 -6.787232876 4.953167439 36.15518570
 -5.613192558 5.457147121 34.85486603
 -4.506158829 5.787352562 33.61908340
 -3.476807594 5.982683659 32.46178818
 -2.530858517 6.077984810 31.38813400
 -1.669974327 6.102953911 30.39729118
 -0.8926815391 6.081958294 29.48477936
 -0.1952175498 6.034392834 28.64422607
 0.4277434945 5.975306511 27.86859894
 0.9824997783 5.916115284 27.15099525
 1.475861311 5.865295410 26.48509407
 1.914804697 5.829000473 25.86538887
 2.306224346 5.811583996 25.28725815
 2.656760216 5.816030025 24.74695969
 2.972687244 5.844295025 24.24155807
 3.259848118 5.897578716 23.76884842
 3.523621082 5.976531982 23.32726479
 3.768912077 6.081416130 22.91579437
 4.000162601 6.212221146 22.53390884
 4.221368313 6.368751526 22.18150330
 4.436106682 6.550683975 21.85884476
 4.647564411 6.757605553 21.56653786
 4.858568668 6.989028931 21.30549431
 5.071614742 7.244395733 21.07691383
 5.288892746 7.523064137 20.88227081
 5.512310028 7.824282646 20.72329712
 5.743507385 8.147153854 20.60197449
 5.983871937 8.490588188 20.52052116
 6.234543324 8.853244781 20.48137283
 6.496413231 9.233464241 20.48716164
 6.770118237 9.629194260 20.54068184
 7.056025982 10.03790665 20.64483833
 7.354214191 10.45650959 20.80258751
 7.664443493 10.88125801 21.01684570
 7.986124992 11.30766487 21.29038429
 8.318279266 11.73042679 21.62568474
 8.659494400 12.14335632 22.02476883
 9.007880211 12.53934765 22.48899460
 9.361026764 12.91037941 23.01881790
 9.715962410 13.24756527 23.61352730
 10.06912231 13.54127789 24.27096176
 10.41633797 13.78134632 24.98722458
 10.75283909 13.95735359 25.75641060
 11.07329082 14.05902958 26.57038498
 11.37186432 14.07674503 27.41863823
 11.64235210 14.00208950 28.28826332
 11.87832546 13.82850838 29.16408157
 12.07334328 13.55194950 30.02896881
 12.22120380 13.17146587 30.86437035
 12.31622982 12.68969059 31.65103149
 12.35357571 12.11312389 32.36989594
 12.32953072 11.45215416 33.00310135
 12.24179268 10.72077370 33.53501511
 12.08969116 9.935980797 33.95316315
 11.87432003 9.116902351 34.24897385
 11.59857845 8.283710480 34.41823959
 11.26709175 7.456449032 34.46121216
 10.88602734 6.653893948 34.38237000
 10.46281433 5.892568588 34.18984985
 10.00578976 5.186010361 33.89464951
 9.523812294 4.544343948 33.50969315
 9.025865555 3.974167824 33.04889679
 8.520695686 3.478719473 32.52629471
 8.016498566 3.058260441 31.95533752
 7.520674706 2.710598230 31.34836006
 7.039667130 2.431673050 30.71625900
 6.578867912 2.216140747 30.06834030
 6.142595291 2.057905912 29.41231537
 5.734126568 1.950574040 28.75439644
 5.355771542 1.887810230 28.09946060
 5.008975506 1.863605261 27.45124817
 4.694438457 1.872456074 26.81256294
 4.412240028 1.909474969 26.18546295
 4.161963463 1.970441937 25.57143402
 3.942811251 2.051813602 24.97153854
 3.753711462 2.150702000 24.38652992
 3.593410492 2.264834166 23.81695366
 3.460552931 2.392499924 23.26321983
 3.353747606 2.532493591 22.72566032
 3.271622181 2.684056759 22.20457649
 3.212865591 2.846820593 21.70026588
 3.176261187 3.020754337 21.21305656
 3.160710573 3.206117868 20.74332237
 3.165251255 3.403419256 20.29150391
 3.189068079 3.613378286 19.85812378
 3.231499195 3.836894512 19.44380760
 3.292038679 4.075018883 19.04929543
 3.370336771 4.328929424 18.67546463
 3.466196060 4.599908352 18.32335091
 3.579567194 4.889320850 17.99416924
 3.710542440 5.198593140 17.68934059
 3.859347582 5.529188633 17.41052055
 4.026331902 5.882581711 17.15962982
 4.211956978 6.260225296 16.93889236
 4.416783810 6.663512230 16.75086594
 4.641456604 7.093727112 16.59848976
 4.886683464 7.551986217 16.48511505
 5.153213501 8.039162636 16.41455269
 5.441808224 8.555793762 16.39110565
 5.753206730 9.101969719 16.41959953
 6.088082790 9.677194595 16.50539780
 6.446993828 10.28022385 16.65440941
 6.830317020 10.90887070 16.87305641
 7.238172531 11.55978775 17.16821861
 7.670333862 12.22821331 17.54711723
 8.126121521 12.90770245 18.01713943
 8.604279518 13.58984470 18.58557701
 9.102835655 14.26398945 19.25926971
 9.618950844 14.91700363 20.04411697
 10.14875603 15.53310585 20.94446564
 10.68719101 16.09382439 21.96236420
 11.22785473 16.57814026 23.09667969
 11.76288319 16.96289635 24.34213829
 12.28288460 17.22353745 25.68833923
 12.77694988 17.33524132 27.11886406
 13.23277855 17.27447128 28.61060905
 13.63694763 17.02092552 30.13355255
 13.97534561 16.55976486 31.65112495
 14.23378754 15.88391018 33.12137985
 14.39879990 14.99610519 34.49902344
 14.45853043 13.91036320 35.73830795
 14.40371323 12.65241432 36.79652023
 14.22858334 11.25886440 37.63769531
 13.93161106 9.774968147 38.23600006
 13.51594639 8.251178741 38.57818222
 12.98946953 6.738925457 38.66465378
 12.36441517 5.286254406 38.50894547
 11.65659904 3.934022188 38.13565445
 10.88434124 2.713209391 37.57727814
 10.06722832 1.643653631 36.87053299
 9.224870682 0.7342002988 36.05278778
 8.375803947 -0.1600092649E-01 35.15911102
 7.536623478 -0.6154739857 34.22019577
 6.721413612 -1.078111887 33.26127243
 5.941461086 -1.420962572 32.30184174
 5.205218792 -1.662345171 31.35603333
 4.518462181 -1.820410609 30.43334389
 3.884574890 -1.912156224 29.53953362
 3.304901838 -1.952839017 28.67753410
 2.779127836 -1.955702424 27.84826088
 2.305644751 -1.931928396 27.05128860
 1.881887436 -1.890735149 26.28537750
 1.504625201 -1.839560509 25.54885292
 1.170206666 -1.784284353 24.83987236
 0.8747575283 -1.729461432 24.15659523
 0.6143356562 -1.678546309 23.49729156
 0.3850474656 -1.634099126 22.86038589
 0.1831327975 -1.597968221 22.24448395
 0.5022704601E-02 -1.571448326 21.64837074
 -0.1526243985 -1.555414796 21.07100105
 -0.2929034233 -1.550436020 20.51148224
 -0.4186566770 -1.556865811 19.96905136
 -0.5324776173 -1.574919224 19.44306183
 -0.6367217898 -1.604733825 18.93296623
 -0.7335230112 -1.646418214 18.43830490
 -0.8248125315 -1.700091243 17.95869446
 -0.9123404026 -1.765912294 17.49381828
 -0.9976975918 -1.844105363 17.04342842
 -1.082338333 -1.934977770 16.60733604
 -1.167602301 -2.038935184 16.18541718
 -1.254735589 -2.156493187 15.77761269
 -1.344911337 -2.288286924 15.38393497
 -1.439248919 -2.435078859 15.00447178
 -1.538831949 -2.597766161 14.63939953
 -1.644725323 -2.777385712 14.28899097
 -1.757991314 -2.975120306 13.95363140
 -1.879704237 -3.192302942 13.63383675
 -2.010964155 -3.430421352 13.33027363
 -2.152909756 -3.691120148 13.04378414
 -2.306730747 -3.976202726 12.77541637
 -2.473677874 -4.287631035 12.52645874
 -2.655073166 -4.627520084 12.29848194
 -2.852317810 -4.998131752 12.09338665
 -3.066899300 -5.401857376 11.91345882
 -3.300395012 -5.841197014 11.76143646
 -3.554475307 -6.318721771 11.64058113
 -3.830899954 -6.837026119 11.55476284
 -4.131512642 -7.398656368 11.50855541
 -4.458227158 -8.006015778 11.50733662
 -4.813005924 -8.661235809 11.55740070
 -5.197828770 -9.366006851 11.66606903
 -5.614646435 -10.12135696 11.84180260
 -6.065317631 -10.92736912 12.09429932
 -6.551522732 -11.78282642 12.43456459
 -7.074653149 -12.68477154 12.87493038
 -7.635664940 -13.62796974 13.42900276
 -8.234895706 -14.60428238 14.11148167
 -8.871834755 -15.60194492 14.93782330
 -9.544845581 -16.60478020 15.92366028
 -10.25083923 -17.59140015 17.08392906
 -10.98489571 -18.53447533 18.43162346
 -11.73985386 -19.40020752 19.97610664
 -12.50588894 -20.14819908 21.72096634
 -13.27011967 -20.73196602 23.66145134
 -14.01630402 -21.10037613 25.78163528
 -14.72471142 -21.20030594 28.05161858
 -15.37227058 -20.98070145 30.42525864
 -15.93311405 -20.39807701 32.83912659
 -16.37961006 -19.42307281 35.21346664
 -16.68395615 -18.04730415 37.45586395
 -16.82029152 -16.28921890 39.46804428
 -16.76718521 -14.19736862 41.15545654
 -16.51020432 -11.84959507 42.43847656
 -16.04414368 -9.347276688 43.26317596
 -15.37445736 -6.804958344 43.60918045
 -14.51750755 -4.337081909 43.49249268
 -13.49946499 -2.044587374 42.96232986
 -12.35397720 -0.4307031631E-02 42.09267426
 -11.11900997 1.736741781 40.97073364
 -9.833435059 3.161591530 39.68507385
 -8.533932686 4.279019833 38.31591034
 -7.252637386 5.116582394 36.92898560
 -6.015715599 5.713003635 35.57312393
 -4.842843533 6.111451149 34.28083038
 -3.747414112 6.354507446 33.07070541
 -2.737222195 6.480982780 31.95068932
 -1.815401793 6.524312019 30.92127228
 -0.9814304113 6.512101650 29.97826195
 -0.2320772409 6.466395855 29.11492920
 0.4377700090 6.404319286 28.32352448
 1.034424901 6.338860035 27.59626579
 1.564868450 6.279647827 26.92593575
 2.036346436 6.233659267 26.30617905
 2.456077814 6.205814838 25.73162079
 2.831051588 6.199470043 25.19786453
 3.167893410 6.216805458 24.70143127
 3.472784519 6.259132385 24.23966789
 3.751419306 6.327129364 23.81064224
 4.008990288 6.421018600 23.41304970
 4.250193119 6.540699005 23.04611969
 4.479243755 6.685841560 22.70954895
 4.699903488 6.855955124 22.40343666
 4.915508747 7.050428867 22.12823486
 5.129000664 7.268551826 21.88471222
 5.342955589 7.509519577 21.67392349
 5.559611797 7.772423744 21.49718285
 5.780892849 8.056230545 21.35604095
 6.008426666 8.359748840 21.25226784
 6.243558884 8.681583405 21.18782997
 6.487361431 9.020089149 21.16486168
 6.740633965 9.373308182 21.18563080
 7.003901482 9.738906860 21.25250053
 7.277401924 10.11410618 21.36787033
 7.561072350 10.49561214 21.53410530
 7.854526520 10.87954712 21.75344276
 8.157028198 11.26138878 22.02788734
 8.467464447 11.63592148 22.35907173
 8.784310341 11.99720573 22.74809647
 9.105599403 12.33857727 23.19535255
 9.428896904 12.65268326 23.70031166
 9.751275063 12.93157005 24.26131248
 10.06930447 13.16682434 24.87533760
 10.37905693 13.34978771 25.53780365
 10.67613029 13.47184277 26.24237823
 10.95570183 13.52477074 26.98085213
 11.21260834 13.50117779 27.74309540
 11.44146538 13.39497185 28.51711273
 11.63681602 13.20185661 29.28923798
 11.79331970 12.91981220 30.04446793
 11.90596867 12.54950333 30.76695633
 11.97032166 12.09457493 31.44064331
 11.98274708 11.56177330 32.04998398
 11.94064999 10.96085644 32.58073425
 11.84267044 10.30427837 33.02071381
 11.68883133 9.606649399 33.36046219
 11.48061275 8.884007454 33.59375381
 11.22095203 8.152970314 33.71785736
 10.91415405 7.429842472 33.73355484
 10.56572247 6.729774952 33.64489746
 10.18212795 6.066052914 33.45874786
 9.770520210 5.449575901 33.18416595
 9.338425636 4.888560295 32.83170700
 8.893439293 4.388469219 32.41270828
 8.442942619 3.952142954 31.93865585
 7.993862629 3.580083132 31.42063522
 7.552484512 3.270841360 30.86893845
 7.124320030 3.021456718 30.29279709
 6.714033604 2.827895880 29.70024681
 6.325419903 2.685461760 29.09810638
 5.961423874 2.589147329 28.49202347
 5.624196053 2.533924341 27.88658714
 5.315168858 2.514963627 27.28545761
 5.035148144 2.527793169 26.69152069
 4.784412861 2.568399191 26.10702515
 4.562811375 2.633282900 25.53372002
 4.369858742 2.719481707 24.97297287
 4.204821110 2.824563742 24.42586517
 4.066795349 2.946604013 23.89327621
 3.954776287 3.084150076 23.37595367
 3.867713690 3.236179352 22.87456703
 3.804560184 3.402054548 22.38974380
 3.764309645 3.581479549 21.92211723
 3.746026516 3.774455070 21.47234535
 3.748869419 3.981238127 21.04114151
 3.772106171 4.202304363 20.62929535
 3.815125942 4.438312054 20.23769569
 3.877444506 4.690070629 19.86735153
 3.958707094 4.958508968 19.51941109
 4.058687210 5.244645596 19.19518661
 4.177283287 5.549559116 18.89617920
 4.314510822 5.874355793 18.62410164
 4.470495224 6.220136166 18.38090897
 4.645459175 6.587955952 18.16882133
 4.839708805 6.978779793 17.99036026
 5.053616047 7.393429279 17.84836960
 5.287597179 7.832519531 17.74604797
 5.542089462 8.296381950 17.68697166
 5.817518711 8.784975052 17.67511177
 6.114264488 9.297777176 17.71484375
 6.432615757 9.833661079 17.81093788
 6.772720337 10.39074802 17.96854210
 7.134522915 10.96624279 18.19311714
 7.517694950 11.55625439 18.49035645
 7.921550751 12.15559769 18.86604500
 8.344955444 12.75759220 19.32586288
 8.786218643 13.35386944 19.87512207
 9.242983818 13.93420029 20.51841927
 9.712105751 14.48637962 21.25919724
 10.18953323 14.99619007 22.09921837
 10.67019844 15.44749069 23.03794670
 11.14792728 15.82247639 24.07187843
 11.61538219 16.10215569 25.19384003
 12.06405926 16.26708031 26.39233017
 12.48436165 16.29835892 27.65100479
 12.86576176 16.17894554 28.94839096
 13.19707966 15.89513874 30.25797844
 13.46688557 15.43820000 31.54879379
 13.66401672 14.80590630 32.78653717
 13.77820587 14.00381374 33.93531036
 13.80076694 13.04599667 34.95984268
 13.72529030 11.95502472 35.82802963
 13.54826355 10.76105499 36.51347733
 13.26954269 9.500016212 36.99771881
 12.89258957 8.211059570 37.27172089
 12.42443657 6.933584213 37.33642578
 11.87535095 5.704250336 37.20224762
 11.25824070 4.554408550 36.88758850
 10.58785725 3.508278370 36.41666412
 9.879899025 2.582051277 35.81700516
 9.150114059 1.783918619 35.11698914
 8.413494110 1.114866734 34.34376526
 7.683631420 0.5699857473 33.52173233
 6.972266674 0.1400163472 32.67161560
 6.289041519 -0.1871013045 31.81013489
 5.641427040 -0.4248512387 30.95009804
 5.034799099 -0.5870303512 30.10079384
 4.472616196 -0.6869307756 29.26855087
 3.956661463 -0.7367988825 28.45733261
 3.487315416 -0.7475259900 27.66931725
 3.063831329 -0.7285187840 26.90539932
 2.684596300 -0.6876968741 26.16560173
 2.347367048 -0.6315737367 25.44939041
 2.049473047 -0.5653858185 24.75591469
 1.787987232 -0.4932453036 24.08416939
 1.559863925 -0.4182983041 23.43310547
 1.362047672 -0.3428779840 22.80169868
 1.191555142 -0.2686458826 22.18898392
 1.045535088 -0.1967179626 21.59407616
 0.9213097692 -0.1277745962 21.01617813
 0.8164013028 -0.6215421855E-01 20.45456886
 0.7285457850 0.6831809878E-04 19.90860558
 0.6556980610 0.5901714787E-01 19.37771034
 0.5960299969 0.1149631590 18.86135864
 0.5479233265 0.1682825685 18.35907364
 0.5099592209 0.2194246203 17.87042046
 0.4809057713 0.2688871026 17.39499474
 0.4597038925 0.3171983063 16.93242073
 0.4454533458 0.3649044037 16.48234749
 0.4373984635 0.4125611186 16.04444313
 0.4349147379 0.4607289433 15.61839581
 0.4374961555 0.5099710822 15.20390892
 0.4447436333 0.5608537793 14.80070210
 0.4563546479 0.6139482856 14.40851116
 0.4721139967 0.6698341966 14.02708626
 0.4918860197 0.7291039228 13.65619278
 0.5156078339 0.7923680544 13.29561424
 0.5432838798 0.8602613211 12.94515038
 0.5749816298 0.9334492683 12.60461998
 0.6108283997 1.012635350 12.27386379
 0.6510090828 1.098568678 11.95274639
 0.6957650185 1.192052007 11.64115810
 0.7453936934 1.293950558 11.33902073
 0.8002493978 1.405200958 11.04629230
 0.8607445359 1.526820898 10.76296997
 0.9273521900 1.659919500 10.48909950
 1.000608921 1.805708051 10.22478390
 1.081118822 1.965511322 9.970191002
 1.169558048 2.140779972 9.725568771
 1.266680241 2.333102226 9.491257668
 1.373322487 2.544217825 9.267710686
 1.490411997 2.776030302 9.055512428
 1.618973851 3.030621052 8.855406761
 1.760138512 3.310260773 8.668327332
 1.915150762 3.617422342 8.495436668
 2.085377932 3.954789877 8.338171005
 2.272319078 4.325265408 8.198291779
 2.477613688 4.731970787 8.077954292
 2.703049421 5.178242207 7.979782104
 2.950568676 5.667616367 7.906958580
 3.222273350 6.203799248 7.863333225
 3.520425797 6.790619850 7.853547573
 3.847445250 7.431954384 7.883178234
 4.205896378 8.131618500 7.958900452
 4.598468781 8.893210411 8.088670731
 5.027943134 9.719894409 8.281924248
 5.497138023 10.61410904 8.549783707
 6.008834839 11.57717323 8.905261993
 6.565668583 12.60877228 9.363441467
 7.169979095 13.70629883 9.941599846
 7.823611259 14.86401939 10.65922928
 8.527651787 16.07205391 11.53788662
 9.282092094 17.31516457 12.60077858
 10.08539963 18.57138252 13.87196732
 10.93399811 19.81053734 15.37504673
 11.82165241 20.99284363 17.13112831
 12.73877144 22.06779480 19.15599823
 13.67167377 22.97373390 21.45633698
 14.60188007 23.63862419 24.02506256
 15.50555420 23.98265266 26.83607864
 16.35326385 23.92329788 29.83909225
 17.11026764 23.38331413 32.95562363
 17.73757172 22.30156136 36.07775497
 18.19396973 20.64574814 39.07143784
 18.43914795 18.42495728 41.78581238
 18.43772888 15.69872093 44.06892776
 18.16382790 12.57898808 45.78824234
 17.60534477 9.222172737 46.85204697
 16.76702690 5.810983181 47.22625351
 15.67142296 2.529202223 46.94121552
 14.35720062 -0.4644474983 46.08581161
 12.87503624 -3.056419134 44.79017639
 11.28189087 -5.187596321 43.20225525
 9.634942055 -6.850821972 41.46493530
 7.986365795 -8.079652786 39.69913101
 6.379764080 -8.933191299 37.99521637
 4.848468781 -9.481530190 36.41209412
 3.415468931 -9.794572830 34.98139572
 2.094464779 -9.935074806 33.71402740
 0.8915108442 -9.955402374 32.60689926
 -0.1931804419 -9.896919250 31.64862823
 -1.163554311 -9.790901184 30.82378387
 -2.026288986 -9.660136223 30.11573792
 -2.789673805 -9.520664215 29.50839424
 -3.462772846 -9.383378029 28.98709869
 -4.054833412 -9.255363464 28.53903389
 -4.574886322 -9.140953064 28.15328217
 -5.031493187 -9.042531013 27.82071686
 -5.432597160 -8.961126328 27.53380585
 -5.785449982 -8.896841049 27.28639221
 -6.096589088 -8.849158287 27.07347679
 -6.371846199 -8.817152977 26.89101410
 -6.616376877 -8.799644470 26.73573494
 -6.834703445 -8.795296669 26.60499954
 -7.030762672 -8.802687645 26.49666595
 -7.207955360 -8.820356369 26.40898514
 -7.369195461 -8.846832275 26.34051323
 -7.516959190 -8.880654335 26.29003906
 -7.653328896 -8.920384407 26.25652695
 -7.780034542 -8.964613914 26.23905945
 -7.898492336 -9.011969566 26.23680115
 -8.009840012 -9.061116219 26.24896240
 -8.114967346 -9.110760689 26.27477074
 -8.214546204 -9.159654617 26.31344604
 -8.309057236 -9.206601143 26.36417770
 -8.398811340 -9.250456810 26.42611504
 -8.483976364 -9.290140152 26.49834633
 -8.564592361 -9.324638367 26.57989693
 -8.640597343 -9.353017807 26.66971779
 -8.711839676 -9.374431610 26.76668167
 -8.778099060 -9.388132095 26.86958885
 -8.839102745 -9.393479347 26.97716522
 -8.894540787 -9.389953613 27.08807373
 -8.944082260 -9.377165794 27.20091820
 -8.987390518 -9.354865074 27.31426239
 -9.024137497 -9.322946548 27.42663956
 -9.054018021 -9.281457901 27.53657722
 -9.076762199 -9.230601311 27.64261246
 -9.092145920 -9.170734406 27.74331665
 -9.100005150 -9.102365494 27.83731079
 -9.100240707 -9.026146889 27.92329788
 -9.092831612 -8.942865372 28.00007820
 -9.077835083 -8.853429794 28.06656837
 -9.055394173 -8.758852959 28.12182617
 -9.025739670 -8.660232544 28.16506004
 -8.989189148 -8.558732033 28.19564247
 -8.946143150 -8.455557823 28.21311951
 -8.897084236 -8.351936340 28.21721649
 -8.842569351 -8.249091148 28.20783615
 -8.783221245 -8.148221970 28.18505859
 -8.719720840 -8.050485611 28.14913368
 -8.652797699 -7.956976891 28.10046959
 -8.583215714 -7.868713856 28.03962517
 -8.511765480 -7.786625385 27.96729088
 -8.439251900 -7.711543083 27.88427544
 -8.366480827 -7.644194126 27.79149055
 -8.294252396 -7.585196972 27.68993378
 -8.223346710 -7.535062790 27.58067131
 -8.154518127 -7.494194984 27.46482086
 -8.088485718 -7.462894440 27.34354019
 -8.025926590 -7.441363335 27.21801376
 -7.967470169 -7.429711342 27.08943748
 -7.913694382 -7.427963257 26.95901299
 -7.865121365 -7.436064243 26.82793236
 -7.822215557 -7.453887939 26.69737625
 -7.785382748 -7.481243134 26.56850624
 -7.754968643 -7.517878056 26.44245529
 -7.731259346 -7.563486576 26.32033157
 -7.714482307 -7.617711067 26.20320892
 -7.704805374 -7.680147171 26.09212303
 -7.702339649 -7.750343800 25.98807335
 -7.707139969 -7.827805996 25.89201546
 -7.719206810 -7.911993027 25.80486107
 -7.738485336 -8.002320290 25.72747421
 -7.764868736 -8.098155975 25.66066742
 -7.798197269 -8.198820114 25.60519409
